{"/home/travis/build/kaizhu256/node-utility2/test.js":{"path":"/home/travis/build/kaizhu256/node-utility2/test.js","s":{"1":3,"2":3,"3":3,"4":3,"5":3,"6":3,"7":3,"8":1,"9":3,"10":3,"11":2,"12":2,"13":1,"14":1,"15":3,"16":3,"17":55,"18":55,"19":3,"20":1,"21":1,"22":1,"23":1,"24":1,"25":3,"26":2,"27":2,"28":2,"29":2,"30":2,"31":2,"32":2,"33":2,"34":2,"35":2,"36":2,"37":2,"38":2,"39":2,"40":2,"41":3,"42":2,"43":2,"44":2,"45":2,"46":2,"47":2,"48":2,"49":2,"50":2,"51":3,"52":2,"53":2,"54":2,"55":2,"56":2,"57":2,"58":2,"59":2,"60":3,"61":2,"62":2,"63":2,"64":1,"65":1,"66":1,"67":2,"68":1,"69":1,"70":1,"71":1,"72":3,"73":2,"74":2,"75":2,"76":2,"77":2,"78":2,"79":3,"80":2,"81":2,"82":2,"83":2,"84":2,"85":2,"86":3,"87":2,"88":2,"89":2,"90":2,"91":8,"92":8,"93":8,"94":8,"95":8,"96":8,"97":8,"98":2,"99":3,"100":2,"101":2,"102":2,"103":2,"104":2,"105":2,"106":8,"107":8,"108":8,"109":8,"110":4,"111":4,"112":4,"113":4,"114":4,"115":4,"116":8,"117":2,"118":2,"119":2,"120":2,"121":2,"122":2,"123":2,"124":2,"125":2,"126":2,"127":2,"128":2,"129":2,"130":2,"131":3,"132":2,"133":2,"134":2,"135":2,"136":2,"137":3,"138":2,"139":2,"140":2,"141":2,"142":2,"143":2,"144":2,"145":2,"146":2,"147":2,"148":2,"149":2,"150":2,"151":2,"152":2,"153":2,"154":2,"155":2,"156":2,"157":10,"158":50,"159":10,"160":40,"161":2,"162":3,"163":2,"164":2,"165":2,"166":2,"167":2,"168":2,"169":3,"170":2,"171":2,"172":2,"173":2,"174":2,"175":4,"176":4,"177":12,"178":12,"179":12,"180":12,"181":4,"182":2,"183":2,"184":2,"185":2,"186":4,"187":4,"188":4,"189":12,"190":2,"191":3,"192":4,"193":4,"194":4,"195":262144,"196":4,"197":16384,"198":4,"199":4,"200":4,"201":4,"202":3,"203":2,"204":2,"205":2,"206":3,"207":2,"208":22,"209":22,"210":22,"211":2,"212":3,"213":2,"214":2,"215":6,"216":2,"217":2,"218":2,"219":2,"220":3,"221":2,"222":2,"223":2,"224":2,"225":3,"226":2,"227":2,"228":2,"229":2,"230":3,"231":2,"232":2,"233":2,"234":2,"235":2,"236":2,"237":2,"238":2,"239":3,"240":2,"241":2,"242":2,"243":2,"244":2,"245":2,"246":2,"247":2,"248":2,"249":2,"250":2,"251":3,"252":2,"253":2,"254":16,"255":16,"256":2,"257":3,"258":2,"259":2,"260":20,"261":20,"262":20,"263":2,"264":2,"265":2,"266":2,"267":3,"268":2,"269":2,"270":2,"271":2,"272":2,"273":2,"274":2,"275":2,"276":2,"277":3,"278":2,"279":2,"280":2,"281":2,"282":2,"283":2,"284":2,"285":2,"286":2,"287":2,"288":3,"289":2,"290":2,"291":2,"292":2,"293":2048,"294":2,"295":2,"296":3,"297":2,"298":2,"299":2,"300":200,"301":200,"302":200,"303":2,"304":2,"305":3,"306":2,"307":2,"308":2,"309":2,"310":2,"311":2,"312":2,"313":2,"314":2,"315":2,"316":2,"317":2,"318":2,"319":2,"320":2,"321":2,"322":2,"323":2,"324":2,"325":2,"326":3,"327":2,"328":2,"329":2,"330":3,"331":2,"332":2,"333":2,"334":2,"335":3,"336":2,"337":2,"338":2,"339":3,"340":2,"341":2,"342":2,"343":10,"344":50,"345":2,"346":2,"347":2,"348":2,"349":2,"350":3,"351":2,"352":2,"353":2,"354":10,"355":50,"356":2,"357":2,"358":2,"359":2,"360":2,"361":2,"362":2,"363":3,"364":2,"365":2,"366":2,"367":24,"368":6,"369":2,"370":2,"371":3,"372":2,"373":2,"374":2,"375":2,"376":2,"377":2,"378":2,"379":3,"380":2,"381":2,"382":2,"383":2,"384":2,"385":2,"386":3,"387":2,"388":2,"389":4,"390":2,"391":2,"392":2,"393":2,"394":2,"395":3,"396":2,"397":2,"398":2,"399":4,"400":4,"401":2,"402":2,"403":2,"404":2,"405":2,"406":2,"407":2,"408":2,"409":2,"410":2,"411":2,"412":3,"413":2,"414":2,"415":2,"416":2,"417":2,"418":2,"419":2,"420":2,"421":3,"422":2,"423":2,"424":2,"425":2,"426":2,"427":2,"428":2,"429":2,"430":2,"431":2,"432":3,"433":2,"434":2,"435":2,"436":2,"437":3,"438":2,"439":2,"440":2,"441":2,"442":2,"443":2,"444":2,"445":2,"446":3,"447":2,"448":2,"449":2,"450":2,"451":3,"452":2,"453":2,"454":2,"455":2,"456":3,"457":2,"458":2,"459":2,"460":14,"461":2,"462":4,"463":2,"464":2,"465":2,"466":2,"467":2,"468":2,"469":2,"470":2,"471":2,"472":2,"473":2,"474":2,"475":2,"476":2,"477":2,"478":2,"479":2,"480":2,"481":2,"482":2,"483":2,"484":2,"485":2,"486":2,"487":2,"488":2,"489":2,"490":3,"491":2,"492":2,"493":2,"494":2,"495":2,"496":2,"497":2,"498":3,"499":2,"500":2,"501":4,"502":2,"503":2,"504":2,"505":2,"506":2,"507":3,"508":2,"509":2,"510":2,"511":2,"512":2,"513":2,"514":2,"515":2,"516":3,"517":2,"518":2,"519":2,"520":2,"521":2,"522":3,"523":2,"524":2,"525":2,"526":2,"527":2,"528":2,"529":3,"530":2,"531":2,"532":2,"533":2,"534":2,"535":3,"536":2,"537":2,"538":2,"539":2,"540":3,"541":2,"542":1,"543":1,"544":1,"545":1,"546":1,"547":1,"548":1,"549":2,"550":1,"551":1,"552":1,"553":1,"554":1,"555":1,"556":1,"557":1,"558":1,"559":1,"560":1,"561":1,"562":1,"563":1,"564":1,"565":2,"566":1,"567":1,"568":1,"569":1,"570":2,"571":1,"572":1,"573":1,"574":4,"575":1,"576":1,"577":1,"578":1,"579":1,"580":1,"581":1,"582":1,"583":1,"584":1,"585":1,"586":1,"587":1,"588":1,"589":1,"590":1,"591":1,"592":1,"593":1,"594":1,"595":1,"596":1,"597":1,"598":2,"599":2,"600":2,"601":2,"602":2,"603":2,"604":1,"605":1,"606":1,"607":1,"608":1,"609":1,"610":1,"611":2,"612":2,"613":2,"614":10,"615":10,"616":2,"617":1,"618":2,"619":2,"620":2,"621":4,"622":4,"623":2,"624":1,"625":1,"626":1,"627":1,"628":1,"629":1,"630":1,"631":1,"632":1,"633":1,"634":1,"635":1,"636":1,"637":1,"638":1,"639":1,"640":1,"641":1,"642":1,"643":1,"644":1,"645":1,"646":1,"647":1,"648":1,"649":1,"650":1,"651":1,"652":1,"653":1,"654":1,"655":1,"656":1,"657":1,"658":1,"659":1,"660":1,"661":1,"662":1,"663":1,"664":1,"665":1,"666":1,"667":1,"668":1,"669":1,"670":1,"671":1,"672":1,"673":1,"674":1,"675":1,"676":1,"677":1,"678":1,"679":1,"680":1,"681":1,"682":1,"683":1,"684":1,"685":1,"686":1,"687":1,"688":1,"689":1,"690":1,"691":1,"692":1,"693":1,"694":1,"695":1,"696":1,"697":1,"698":1,"699":1,"700":1,"701":1,"702":1,"703":1,"704":1,"705":1,"706":1,"707":1,"708":1,"709":1,"710":1,"711":1,"712":1,"713":1,"714":1,"715":1,"716":1,"717":1,"718":1,"719":1,"720":1,"721":1,"722":1,"723":1,"724":1,"725":1,"726":1,"727":1,"728":1,"729":4,"730":4,"731":4,"732":1,"733":1,"734":7,"735":1,"736":1,"737":1,"738":1,"739":1,"740":1,"741":1,"742":1,"743":1,"744":2,"745":1,"746":1,"747":1,"748":1,"749":1,"750":1,"751":1,"752":1,"753":2,"754":1,"755":1,"756":1,"757":1,"758":1,"759":1,"760":1,"761":1,"762":1,"763":1,"764":1,"765":1,"766":1,"767":1,"768":1,"769":1,"770":1,"771":1,"772":1,"773":1,"774":3,"775":3,"776":3,"777":34,"778":9,"779":9,"780":9,"781":8,"782":8,"783":8,"784":8,"785":8,"786":2,"787":2,"788":2,"789":2,"790":2,"791":2,"792":2,"793":2,"794":2,"795":2,"796":2,"797":2,"798":5,"799":5,"800":5,"801":8,"802":3,"803":2,"804":1,"805":0,"806":1,"807":1,"808":0,"809":0,"810":0,"811":0,"812":0,"813":0,"814":0,"815":1,"816":0,"817":0,"818":0,"819":0,"820":0,"821":0,"822":0,"823":0,"824":0,"825":0,"826":0,"827":0,"828":0,"829":0,"830":0,"831":0,"832":0,"833":0,"834":0,"835":1},"b":{"1":[3,2,2,2],"2":[1,1,1,1],"3":[2,1],"4":[2,1],"5":[2,2],"6":[1,1],"7":[55,18],"8":[2,1],"9":[1,1],"10":[2,6],"11":[1,7],"12":[8,2],"13":[2,4,4],"14":[10,40],"15":[4,4,4],"16":[2,2],"17":[6,2],"18":[200,3],"19":[10,40],"20":[10,40],"21":[6,18],"22":[24,22,8],"23":[2,2],"24":[2,2],"25":[2,2,2,2,2,2,2],"26":[2,1],"27":[1,1,1,1],"28":[9,8,2,2,5,8],"29":[2,1],"30":[0,1],"31":[1,1],"32":[0,1],"33":[0,0],"34":[0],"35":[0,0],"36":[0,0],"37":[0,0],"38":[0,0],"39":[0,0],"40":[0,0],"41":[0,0]},"f":{"1":3,"2":3,"3":3,"4":3,"5":55,"6":1,"7":2,"8":2,"9":2,"10":2,"11":2,"12":2,"13":2,"14":2,"15":2,"16":2,"17":1,"18":2,"19":2,"20":2,"21":2,"22":2,"23":8,"24":8,"25":2,"26":8,"27":8,"28":2,"29":2,"30":2,"31":2,"32":2,"33":2,"34":2,"35":2,"36":2,"37":2,"38":2,"39":2,"40":2,"41":10,"42":50,"43":2,"44":2,"45":4,"46":12,"47":12,"48":4,"49":2,"50":2,"51":2,"52":22,"53":2,"54":6,"55":2,"56":2,"57":2,"58":2,"59":2,"60":2,"61":2,"62":2,"63":16,"64":2,"65":20,"66":2,"67":2,"68":2,"69":2,"70":2,"71":2,"72":2,"73":2,"74":2,"75":10,"76":50,"77":2,"78":10,"79":50,"80":2,"81":24,"82":2,"83":2,"84":2,"85":2,"86":2,"87":2,"88":2,"89":4,"90":2,"91":2,"92":2,"93":4,"94":2,"95":2,"96":2,"97":2,"98":2,"99":2,"100":2,"101":2,"102":2,"103":2,"104":2,"105":2,"106":2,"107":2,"108":14,"109":4,"110":2,"111":2,"112":2,"113":2,"114":4,"115":2,"116":2,"117":2,"118":2,"119":2,"120":2,"121":2,"122":2,"123":2,"124":1,"125":1,"126":1,"127":1,"128":1,"129":1,"130":1,"131":4,"132":1,"133":1,"134":1,"135":2,"136":2,"137":2,"138":2,"139":1,"140":1,"141":1,"142":2,"143":2,"144":10,"145":10,"146":2,"147":2,"148":4,"149":4,"150":1,"151":1,"152":1,"153":1,"154":1,"155":1,"156":1,"157":1,"158":1,"159":1,"160":1,"161":1,"162":1,"163":1,"164":1,"165":1,"166":1,"167":1,"168":1,"169":4,"170":4,"171":1,"172":7,"173":1,"174":2,"175":1,"176":1,"177":2,"178":1,"179":1,"180":1,"181":1,"182":1,"183":1,"184":1,"185":3,"186":34,"187":8,"188":8,"189":2,"190":5,"191":0,"192":0,"193":0},"fnMap":{"1":{"name":"(anonymous_1)","line":12,"loc":{"start":{"line":12,"column":1},"end":{"line":12,"column":13}}},"2":{"name":"(anonymous_2)","line":19,"loc":{"start":{"line":19,"column":5},"end":{"line":19,"column":17}}},"3":{"name":"(anonymous_3)","line":23,"loc":{"start":{"line":23,"column":24},"end":{"line":23,"column":36}}},"4":{"name":"(anonymous_4)","line":56,"loc":{"start":{"line":56,"column":5},"end":{"line":56,"column":17}}},"5":{"name":"(anonymous_5)","line":57,"loc":{"start":{"line":57,"column":36},"end":{"line":57,"column":51}}},"6":{"name":"(anonymous_6)","line":65,"loc":{"start":{"line":65,"column":49},"end":{"line":65,"column":77}}},"7":{"name":"(anonymous_7)","line":80,"loc":{"start":{"line":80,"column":42},"end":{"line":80,"column":70}}},"8":{"name":"(anonymous_8)","line":97,"loc":{"start":{"line":97,"column":32},"end":{"line":97,"column":54}}},"9":{"name":"(anonymous_9)","line":118,"loc":{"start":{"line":118,"column":40},"end":{"line":118,"column":68}}},"10":{"name":"(anonymous_10)","line":123,"loc":{"start":{"line":123,"column":51},"end":{"line":123,"column":70}}},"11":{"name":"(anonymous_11)","line":126,"loc":{"start":{"line":126,"column":15},"end":{"line":126,"column":34}}},"12":{"name":"(anonymous_12)","line":131,"loc":{"start":{"line":131,"column":36},"end":{"line":131,"column":53}}},"13":{"name":"(anonymous_13)","line":139,"loc":{"start":{"line":139,"column":43},"end":{"line":139,"column":71}}},"14":{"name":"(anonymous_14)","line":147,"loc":{"start":{"line":147,"column":32},"end":{"line":147,"column":54}}},"15":{"name":"(anonymous_15)","line":156,"loc":{"start":{"line":156,"column":49},"end":{"line":156,"column":77}}},"16":{"name":"(anonymous_16)","line":169,"loc":{"start":{"line":169,"column":45},"end":{"line":169,"column":60}}},"17":{"name":"(anonymous_17)","line":172,"loc":{"start":{"line":172,"column":15},"end":{"line":172,"column":34}}},"18":{"name":"(anonymous_18)","line":180,"loc":{"start":{"line":180,"column":36},"end":{"line":180,"column":64}}},"19":{"name":"(anonymous_19)","line":184,"loc":{"start":{"line":184,"column":59},"end":{"line":184,"column":76}}},"20":{"name":"(anonymous_20)","line":195,"loc":{"start":{"line":195,"column":37},"end":{"line":195,"column":65}}},"21":{"name":"(anonymous_21)","line":200,"loc":{"start":{"line":200,"column":32},"end":{"line":200,"column":54}}},"22":{"name":"(anonymous_22)","line":211,"loc":{"start":{"line":211,"column":36},"end":{"line":211,"column":64}}},"23":{"name":"(anonymous_23)","line":231,"loc":{"start":{"line":231,"column":23},"end":{"line":231,"column":36}}},"24":{"name":"(anonymous_24)","line":234,"loc":{"start":{"line":234,"column":36},"end":{"line":234,"column":58}}},"25":{"name":"(anonymous_25)","line":247,"loc":{"start":{"line":247,"column":35},"end":{"line":247,"column":63}}},"26":{"name":"(anonymous_26)","line":257,"loc":{"start":{"line":257,"column":58},"end":{"line":257,"column":82}}},"27":{"name":"(anonymous_27)","line":270,"loc":{"start":{"line":270,"column":19},"end":{"line":270,"column":41}}},"28":{"name":"(anonymous_28)","line":302,"loc":{"start":{"line":302,"column":15},"end":{"line":302,"column":37}}},"29":{"name":"(anonymous_29)","line":329,"loc":{"start":{"line":329,"column":38},"end":{"line":329,"column":66}}},"30":{"name":"(anonymous_30)","line":334,"loc":{"start":{"line":334,"column":23},"end":{"line":334,"column":35}}},"31":{"name":"(anonymous_31)","line":335,"loc":{"start":{"line":335,"column":36},"end":{"line":335,"column":53}}},"32":{"name":"(anonymous_32)","line":343,"loc":{"start":{"line":343,"column":43},"end":{"line":343,"column":71}}},"33":{"name":"(anonymous_33)","line":351,"loc":{"start":{"line":351,"column":34},"end":{"line":351,"column":46}}},"34":{"name":"(anonymous_34)","line":353,"loc":{"start":{"line":353,"column":15},"end":{"line":353,"column":32}}},"35":{"name":"(anonymous_35)","line":360,"loc":{"start":{"line":360,"column":34},"end":{"line":360,"column":46}}},"36":{"name":"(anonymous_36)","line":362,"loc":{"start":{"line":362,"column":15},"end":{"line":362,"column":32}}},"37":{"name":"(anonymous_37)","line":369,"loc":{"start":{"line":369,"column":34},"end":{"line":369,"column":46}}},"38":{"name":"(anonymous_38)","line":371,"loc":{"start":{"line":371,"column":15},"end":{"line":371,"column":32}}},"39":{"name":"(anonymous_39)","line":376,"loc":{"start":{"line":376,"column":34},"end":{"line":376,"column":46}}},"40":{"name":"(anonymous_40)","line":378,"loc":{"start":{"line":378,"column":15},"end":{"line":378,"column":32}}},"41":{"name":"(anonymous_41)","line":385,"loc":{"start":{"line":385,"column":33},"end":{"line":385,"column":51}}},"42":{"name":"(anonymous_42)","line":386,"loc":{"start":{"line":386,"column":37},"end":{"line":386,"column":55}}},"43":{"name":"(anonymous_43)","line":399,"loc":{"start":{"line":399,"column":43},"end":{"line":399,"column":71}}},"44":{"name":"(anonymous_44)","line":420,"loc":{"start":{"line":420,"column":42},"end":{"line":420,"column":70}}},"45":{"name":"(anonymous_45)","line":433,"loc":{"start":{"line":433,"column":22},"end":{"line":433,"column":42}}},"46":{"name":"(anonymous_46)","line":435,"loc":{"start":{"line":435,"column":50},"end":{"line":435,"column":70}}},"47":{"name":"(anonymous_47)","line":437,"loc":{"start":{"line":437,"column":59},"end":{"line":437,"column":82}}},"48":{"name":"(anonymous_48)","line":468,"loc":{"start":{"line":468,"column":46},"end":{"line":468,"column":74}}},"49":{"name":"(anonymous_49)","line":487,"loc":{"start":{"line":487,"column":47},"end":{"line":487,"column":75}}},"50":{"name":"(anonymous_50)","line":495,"loc":{"start":{"line":495,"column":36},"end":{"line":495,"column":55}}},"51":{"name":"(anonymous_51)","line":500,"loc":{"start":{"line":500,"column":56},"end":{"line":500,"column":84}}},"52":{"name":"(anonymous_52)","line":516,"loc":{"start":{"line":516,"column":22},"end":{"line":516,"column":35}}},"53":{"name":"(anonymous_53)","line":528,"loc":{"start":{"line":528,"column":46},"end":{"line":528,"column":74}}},"54":{"name":"(anonymous_54)","line":535,"loc":{"start":{"line":535,"column":35},"end":{"line":535,"column":50}}},"55":{"name":"(anonymous_55)","line":538,"loc":{"start":{"line":538,"column":15},"end":{"line":538,"column":34}}},"56":{"name":"(anonymous_56)","line":550,"loc":{"start":{"line":550,"column":38},"end":{"line":550,"column":66}}},"57":{"name":"(anonymous_57)","line":560,"loc":{"start":{"line":560,"column":38},"end":{"line":560,"column":66}}},"58":{"name":"(anonymous_58)","line":569,"loc":{"start":{"line":569,"column":36},"end":{"line":569,"column":55}}},"59":{"name":"(anonymous_59)","line":576,"loc":{"start":{"line":576,"column":51},"end":{"line":576,"column":79}}},"60":{"name":"(anonymous_60)","line":593,"loc":{"start":{"line":593,"column":59},"end":{"line":593,"column":87}}},"61":{"name":"(anonymous_61)","line":602,"loc":{"start":{"line":602,"column":36},"end":{"line":602,"column":55}}},"62":{"name":"(anonymous_62)","line":631,"loc":{"start":{"line":631,"column":42},"end":{"line":631,"column":70}}},"63":{"name":"(anonymous_63)","line":637,"loc":{"start":{"line":637,"column":67},"end":{"line":637,"column":86}}},"64":{"name":"(anonymous_64)","line":644,"loc":{"start":{"line":644,"column":54},"end":{"line":644,"column":82}}},"65":{"name":"(anonymous_65)","line":650,"loc":{"start":{"line":650,"column":75},"end":{"line":650,"column":91}}},"66":{"name":"(anonymous_66)","line":675,"loc":{"start":{"line":675,"column":47},"end":{"line":675,"column":75}}},"67":{"name":"(anonymous_67)","line":697,"loc":{"start":{"line":697,"column":45},"end":{"line":697,"column":73}}},"68":{"name":"(anonymous_68)","line":725,"loc":{"start":{"line":725,"column":54},"end":{"line":725,"column":82}}},"69":{"name":"(anonymous_69)","line":745,"loc":{"start":{"line":745,"column":45},"end":{"line":745,"column":73}}},"70":{"name":"(anonymous_70)","line":765,"loc":{"start":{"line":765,"column":46},"end":{"line":765,"column":74}}},"71":{"name":"(anonymous_71)","line":794,"loc":{"start":{"line":794,"column":55},"end":{"line":794,"column":83}}},"72":{"name":"(anonymous_72)","line":806,"loc":{"start":{"line":806,"column":50},"end":{"line":806,"column":78}}},"73":{"name":"(anonymous_73)","line":826,"loc":{"start":{"line":826,"column":50},"end":{"line":826,"column":78}}},"74":{"name":"(anonymous_74)","line":839,"loc":{"start":{"line":839,"column":50},"end":{"line":839,"column":78}}},"75":{"name":"(anonymous_75)","line":847,"loc":{"start":{"line":847,"column":52},"end":{"line":847,"column":66}}},"76":{"name":"(anonymous_76)","line":848,"loc":{"start":{"line":848,"column":56},"end":{"line":848,"column":70}}},"77":{"name":"(anonymous_77)","line":884,"loc":{"start":{"line":884,"column":51},"end":{"line":884,"column":79}}},"78":{"name":"(anonymous_78)","line":892,"loc":{"start":{"line":892,"column":52},"end":{"line":892,"column":66}}},"79":{"name":"(anonymous_79)","line":893,"loc":{"start":{"line":893,"column":56},"end":{"line":893,"column":70}}},"80":{"name":"(anonymous_80)","line":939,"loc":{"start":{"line":939,"column":48},"end":{"line":939,"column":76}}},"81":{"name":"(anonymous_81)","line":946,"loc":{"start":{"line":946,"column":42},"end":{"line":946,"column":61}}},"82":{"name":"(anonymous_82)","line":959,"loc":{"start":{"line":959,"column":48},"end":{"line":959,"column":76}}},"83":{"name":"(anonymous_83)","line":965,"loc":{"start":{"line":965,"column":35},"end":{"line":965,"column":50}}},"84":{"name":"(anonymous_84)","line":969,"loc":{"start":{"line":969,"column":15},"end":{"line":969,"column":34}}},"85":{"name":"(anonymous_85)","line":982,"loc":{"start":{"line":982,"column":44},"end":{"line":982,"column":72}}},"86":{"name":"(anonymous_86)","line":986,"loc":{"start":{"line":986,"column":34},"end":{"line":986,"column":46}}},"87":{"name":"(anonymous_87)","line":990,"loc":{"start":{"line":990,"column":15},"end":{"line":990,"column":32}}},"88":{"name":"(anonymous_88)","line":997,"loc":{"start":{"line":997,"column":38},"end":{"line":997,"column":66}}},"89":{"name":"(anonymous_89)","line":1003,"loc":{"start":{"line":1003,"column":34},"end":{"line":1003,"column":46}}},"90":{"name":"(anonymous_90)","line":1007,"loc":{"start":{"line":1007,"column":34},"end":{"line":1007,"column":46}}},"91":{"name":"(anonymous_91)","line":1009,"loc":{"start":{"line":1009,"column":15},"end":{"line":1009,"column":32}}},"92":{"name":"(anonymous_92)","line":1016,"loc":{"start":{"line":1016,"column":44},"end":{"line":1016,"column":72}}},"93":{"name":"(anonymous_93)","line":1024,"loc":{"start":{"line":1024,"column":51},"end":{"line":1024,"column":74}}},"94":{"name":"(anonymous_94)","line":1033,"loc":{"start":{"line":1033,"column":23},"end":{"line":1033,"column":35}}},"95":{"name":"(anonymous_95)","line":1034,"loc":{"start":{"line":1034,"column":51},"end":{"line":1034,"column":68}}},"96":{"name":"(anonymous_96)","line":1050,"loc":{"start":{"line":1050,"column":43},"end":{"line":1050,"column":71}}},"97":{"name":"(anonymous_97)","line":1055,"loc":{"start":{"line":1055,"column":28},"end":{"line":1055,"column":45}}},"98":{"name":"(anonymous_98)","line":1069,"loc":{"start":{"line":1069,"column":21},"end":{"line":1069,"column":33}}},"99":{"name":"(anonymous_99)","line":1074,"loc":{"start":{"line":1074,"column":44},"end":{"line":1074,"column":72}}},"100":{"name":"(anonymous_100)","line":1080,"loc":{"start":{"line":1080,"column":52},"end":{"line":1080,"column":64}}},"101":{"name":"(anonymous_101)","line":1089,"loc":{"start":{"line":1089,"column":26},"end":{"line":1089,"column":45}}},"102":{"name":"(anonymous_102)","line":1091,"loc":{"start":{"line":1091,"column":15},"end":{"line":1091,"column":45}}},"103":{"name":"(anonymous_103)","line":1102,"loc":{"start":{"line":1102,"column":43},"end":{"line":1102,"column":71}}},"104":{"name":"(anonymous_104)","line":1112,"loc":{"start":{"line":1112,"column":51},"end":{"line":1112,"column":79}}},"105":{"name":"(anonymous_105)","line":1139,"loc":{"start":{"line":1139,"column":54},"end":{"line":1139,"column":82}}},"106":{"name":"(anonymous_106)","line":1149,"loc":{"start":{"line":1149,"column":54},"end":{"line":1149,"column":82}}},"107":{"name":"(anonymous_107)","line":1159,"loc":{"start":{"line":1159,"column":50},"end":{"line":1159,"column":78}}},"108":{"name":"(anonymous_108)","line":1165,"loc":{"start":{"line":1165,"column":34},"end":{"line":1165,"column":57}}},"109":{"name":"(anonymous_109)","line":1169,"loc":{"start":{"line":1169,"column":29},"end":{"line":1169,"column":48}}},"110":{"name":"(anonymous_110)","line":1233,"loc":{"start":{"line":1233,"column":53},"end":{"line":1233,"column":81}}},"111":{"name":"(anonymous_111)","line":1238,"loc":{"start":{"line":1238,"column":38},"end":{"line":1238,"column":57}}},"112":{"name":"(anonymous_112)","line":1242,"loc":{"start":{"line":1242,"column":15},"end":{"line":1242,"column":27}}},"113":{"name":"(anonymous_113)","line":1250,"loc":{"start":{"line":1250,"column":43},"end":{"line":1250,"column":71}}},"114":{"name":"(anonymous_114)","line":1256,"loc":{"start":{"line":1256,"column":33},"end":{"line":1256,"column":45}}},"115":{"name":"(anonymous_115)","line":1257,"loc":{"start":{"line":1257,"column":42},"end":{"line":1257,"column":61}}},"116":{"name":"(anonymous_116)","line":1263,"loc":{"start":{"line":1263,"column":23},"end":{"line":1263,"column":35}}},"117":{"name":"(anonymous_117)","line":1269,"loc":{"start":{"line":1269,"column":48},"end":{"line":1269,"column":76}}},"118":{"name":"(anonymous_118)","line":1349,"loc":{"start":{"line":1349,"column":44},"end":{"line":1349,"column":72}}},"119":{"name":"(anonymous_119)","line":1357,"loc":{"start":{"line":1357,"column":15},"end":{"line":1357,"column":34}}},"120":{"name":"(anonymous_120)","line":1365,"loc":{"start":{"line":1365,"column":40},"end":{"line":1365,"column":68}}},"121":{"name":"(anonymous_121)","line":1381,"loc":{"start":{"line":1381,"column":42},"end":{"line":1381,"column":70}}},"122":{"name":"(anonymous_122)","line":1393,"loc":{"start":{"line":1393,"column":36},"end":{"line":1393,"column":55}}},"123":{"name":"(anonymous_123)","line":1426,"loc":{"start":{"line":1426,"column":45},"end":{"line":1426,"column":73}}},"124":{"name":"(anonymous_124)","line":1444,"loc":{"start":{"line":1444,"column":40},"end":{"line":1444,"column":68}}},"125":{"name":"(anonymous_125)","line":1449,"loc":{"start":{"line":1449,"column":73},"end":{"line":1449,"column":85}}},"126":{"name":"(anonymous_126)","line":1454,"loc":{"start":{"line":1454,"column":36},"end":{"line":1454,"column":55}}},"127":{"name":"(anonymous_127)","line":1455,"loc":{"start":{"line":1455,"column":43},"end":{"line":1455,"column":60}}},"128":{"name":"(anonymous_128)","line":1463,"loc":{"start":{"line":1463,"column":43},"end":{"line":1463,"column":71}}},"129":{"name":"(anonymous_129)","line":1493,"loc":{"start":{"line":1493,"column":51},"end":{"line":1493,"column":79}}},"130":{"name":"(anonymous_130)","line":1508,"loc":{"start":{"line":1508,"column":36},"end":{"line":1508,"column":64}}},"131":{"name":"(anonymous_131)","line":1513,"loc":{"start":{"line":1513,"column":34},"end":{"line":1513,"column":57}}},"132":{"name":"(anonymous_132)","line":1543,"loc":{"start":{"line":1543,"column":45},"end":{"line":1543,"column":73}}},"133":{"name":"(anonymous_133)","line":1550,"loc":{"start":{"line":1550,"column":15},"end":{"line":1550,"column":34}}},"134":{"name":"(anonymous_134)","line":1557,"loc":{"start":{"line":1557,"column":42},"end":{"line":1557,"column":70}}},"135":{"name":"(anonymous_135)","line":1595,"loc":{"start":{"line":1595,"column":42},"end":{"line":1595,"column":70}}},"136":{"name":"(anonymous_136)","line":1600,"loc":{"start":{"line":1600,"column":32},"end":{"line":1600,"column":44}}},"137":{"name":"(anonymous_137)","line":1605,"loc":{"start":{"line":1605,"column":26},"end":{"line":1605,"column":41}}},"138":{"name":"(anonymous_138)","line":1606,"loc":{"start":{"line":1606,"column":50},"end":{"line":1606,"column":68}}},"139":{"name":"(anonymous_139)","line":1614,"loc":{"start":{"line":1614,"column":45},"end":{"line":1614,"column":73}}},"140":{"name":"(anonymous_140)","line":1620,"loc":{"start":{"line":1620,"column":33},"end":{"line":1620,"column":61}}},"141":{"name":"(anonymous_141)","line":1626,"loc":{"start":{"line":1626,"column":15},"end":{"line":1626,"column":34}}},"142":{"name":"(anonymous_142)","line":1633,"loc":{"start":{"line":1633,"column":45},"end":{"line":1633,"column":73}}},"143":{"name":"(anonymous_143)","line":1638,"loc":{"start":{"line":1638,"column":32},"end":{"line":1638,"column":44}}},"144":{"name":"(anonymous_144)","line":1651,"loc":{"start":{"line":1651,"column":26},"end":{"line":1651,"column":41}}},"145":{"name":"(anonymous_145)","line":1652,"loc":{"start":{"line":1652,"column":50},"end":{"line":1652,"column":68}}},"146":{"name":"(anonymous_146)","line":1660,"loc":{"start":{"line":1660,"column":43},"end":{"line":1660,"column":71}}},"147":{"name":"(anonymous_147)","line":1665,"loc":{"start":{"line":1665,"column":32},"end":{"line":1665,"column":44}}},"148":{"name":"(anonymous_148)","line":1671,"loc":{"start":{"line":1671,"column":26},"end":{"line":1671,"column":41}}},"149":{"name":"(anonymous_149)","line":1672,"loc":{"start":{"line":1672,"column":50},"end":{"line":1672,"column":68}}},"150":{"name":"(anonymous_150)","line":1680,"loc":{"start":{"line":1680,"column":59},"end":{"line":1680,"column":87}}},"151":{"name":"(anonymous_151)","line":1705,"loc":{"start":{"line":1705,"column":45},"end":{"line":1705,"column":73}}},"152":{"name":"(anonymous_152)","line":1721,"loc":{"start":{"line":1721,"column":15},"end":{"line":1721,"column":42}}},"153":{"name":"(anonymous_153)","line":1741,"loc":{"start":{"line":1741,"column":15},"end":{"line":1741,"column":32}}},"154":{"name":"(anonymous_154)","line":1748,"loc":{"start":{"line":1748,"column":23},"end":{"line":1748,"column":35}}},"155":{"name":"(anonymous_155)","line":1752,"loc":{"start":{"line":1752,"column":19},"end":{"line":1752,"column":36}}},"156":{"name":"(anonymous_156)","line":1761,"loc":{"start":{"line":1761,"column":50},"end":{"line":1761,"column":78}}},"157":{"name":"(anonymous_157)","line":1775,"loc":{"start":{"line":1775,"column":56},"end":{"line":1775,"column":84}}},"158":{"name":"(anonymous_158)","line":1794,"loc":{"start":{"line":1794,"column":32},"end":{"line":1794,"column":55}}},"159":{"name":"(anonymous_159)","line":1804,"loc":{"start":{"line":1804,"column":32},"end":{"line":1804,"column":49}}},"160":{"name":"(anonymous_160)","line":1812,"loc":{"start":{"line":1812,"column":47},"end":{"line":1812,"column":75}}},"161":{"name":"(anonymous_161)","line":1832,"loc":{"start":{"line":1832,"column":57},"end":{"line":1832,"column":85}}},"162":{"name":"(anonymous_162)","line":1841,"loc":{"start":{"line":1841,"column":40},"end":{"line":1841,"column":63}}},"163":{"name":"(anonymous_163)","line":1847,"loc":{"start":{"line":1847,"column":27},"end":{"line":1847,"column":39}}},"164":{"name":"(anonymous_164)","line":1855,"loc":{"start":{"line":1855,"column":57},"end":{"line":1855,"column":85}}},"165":{"name":"(anonymous_165)","line":1867,"loc":{"start":{"line":1867,"column":28},"end":{"line":1867,"column":56}}},"166":{"name":"(anonymous_166)","line":1878,"loc":{"start":{"line":1878,"column":15},"end":{"line":1878,"column":34}}},"167":{"name":"(anonymous_167)","line":1884,"loc":{"start":{"line":1884,"column":28},"end":{"line":1884,"column":56}}},"168":{"name":"(anonymous_168)","line":1894,"loc":{"start":{"line":1894,"column":43},"end":{"line":1894,"column":71}}},"169":{"name":"(anonymous_169)","line":1905,"loc":{"start":{"line":1905,"column":47},"end":{"line":1905,"column":59}}},"170":{"name":"(anonymous_170)","line":1906,"loc":{"start":{"line":1906,"column":33},"end":{"line":1906,"column":60}}},"171":{"name":"(anonymous_171)","line":1915,"loc":{"start":{"line":1915,"column":36},"end":{"line":1915,"column":55}}},"172":{"name":"(anonymous_172)","line":1931,"loc":{"start":{"line":1931,"column":26},"end":{"line":1931,"column":44}}},"173":{"name":"(anonymous_173)","line":1941,"loc":{"start":{"line":1941,"column":39},"end":{"line":1941,"column":67}}},"174":{"name":"(anonymous_174)","line":1949,"loc":{"start":{"line":1949,"column":38},"end":{"line":1949,"column":54}}},"175":{"name":"(anonymous_175)","line":1956,"loc":{"start":{"line":1956,"column":37},"end":{"line":1956,"column":49}}},"176":{"name":"(anonymous_176)","line":1969,"loc":{"start":{"line":1969,"column":58},"end":{"line":1969,"column":86}}},"177":{"name":"(anonymous_177)","line":1979,"loc":{"start":{"line":1979,"column":33},"end":{"line":1979,"column":45}}},"178":{"name":"(anonymous_178)","line":1989,"loc":{"start":{"line":1989,"column":36},"end":{"line":1989,"column":55}}},"179":{"name":"(anonymous_179)","line":1997,"loc":{"start":{"line":1997,"column":61},"end":{"line":1997,"column":89}}},"180":{"name":"(anonymous_180)","line":2004,"loc":{"start":{"line":2004,"column":36},"end":{"line":2004,"column":55}}},"181":{"name":"(anonymous_181)","line":2019,"loc":{"start":{"line":2019,"column":50},"end":{"line":2019,"column":78}}},"182":{"name":"(anonymous_182)","line":2028,"loc":{"start":{"line":2028,"column":36},"end":{"line":2028,"column":55}}},"183":{"name":"(anonymous_183)","line":2035,"loc":{"start":{"line":2035,"column":39},"end":{"line":2035,"column":67}}},"184":{"name":"(anonymous_184)","line":2056,"loc":{"start":{"line":2056,"column":39},"end":{"line":2056,"column":56}}},"185":{"name":"(anonymous_185)","line":2068,"loc":{"start":{"line":2068,"column":5},"end":{"line":2068,"column":17}}},"186":{"name":"(anonymous_186)","line":2072,"loc":{"start":{"line":2072,"column":46},"end":{"line":2072,"column":91}}},"187":{"name":"(anonymous_187)","line":2088,"loc":{"start":{"line":2088,"column":60},"end":{"line":2088,"column":72}}},"188":{"name":"(anonymous_188)","line":2090,"loc":{"start":{"line":2090,"column":64},"end":{"line":2090,"column":76}}},"189":{"name":"(anonymous_189)","line":2107,"loc":{"start":{"line":2107,"column":19},"end":{"line":2107,"column":38}}},"190":{"name":"(anonymous_190)","line":2121,"loc":{"start":{"line":2121,"column":27},"end":{"line":2121,"column":39}}},"191":{"name":"(anonymous_191)","line":2172,"loc":{"start":{"line":2172,"column":15},"end":{"line":2172,"column":38}},"skip":true},"192":{"name":"(anonymous_192)","line":2178,"loc":{"start":{"line":2178,"column":24},"end":{"line":2178,"column":36}},"skip":true},"193":{"name":"(anonymous_193)","line":2193,"loc":{"start":{"line":2193,"column":23},"end":{"line":2193,"column":46}},"skip":true}},"statementMap":{"1":{"start":{"line":12,"column":0},"end":{"line":2206,"column":5}},"2":{"start":{"line":14,"column":4},"end":{"line":14,"column":14}},"3":{"start":{"line":19,"column":4},"end":{"line":51,"column":9}},"4":{"start":{"line":21,"column":8},"end":{"line":21,"column":19}},"5":{"start":{"line":23,"column":8},"end":{"line":35,"column":13}},"6":{"start":{"line":24,"column":12},"end":{"line":34,"column":13}},"7":{"start":{"line":25,"column":16},"end":{"line":28,"column":30}},"8":{"start":{"line":30,"column":16},"end":{"line":33,"column":27}},"9":{"start":{"line":37,"column":8},"end":{"line":39,"column":21}},"10":{"start":{"line":40,"column":8},"end":{"line":50,"column":9}},"11":{"start":{"line":43,"column":12},"end":{"line":43,"column":71}},"12":{"start":{"line":44,"column":12},"end":{"line":44,"column":18}},"13":{"start":{"line":47,"column":12},"end":{"line":48,"column":46}},"14":{"start":{"line":49,"column":12},"end":{"line":49,"column":18}},"15":{"start":{"line":56,"column":4},"end":{"line":1437,"column":9}},"16":{"start":{"line":57,"column":8},"end":{"line":63,"column":10}},"17":{"start":{"line":61,"column":12},"end":{"line":61,"column":47}},"18":{"start":{"line":62,"column":12},"end":{"line":62,"column":77}},"19":{"start":{"line":65,"column":8},"end":{"line":78,"column":10}},"20":{"start":{"line":70,"column":12},"end":{"line":70,"column":40}},"21":{"start":{"line":72,"column":12},"end":{"line":72,"column":22}},"22":{"start":{"line":74,"column":12},"end":{"line":74,"column":44}},"23":{"start":{"line":75,"column":12},"end":{"line":75,"column":41}},"24":{"start":{"line":77,"column":12},"end":{"line":77,"column":37}},"25":{"start":{"line":80,"column":8},"end":{"line":116,"column":10}},"26":{"start":{"line":84,"column":12},"end":{"line":84,"column":25}},"27":{"start":{"line":85,"column":12},"end":{"line":85,"column":71}},"28":{"start":{"line":86,"column":12},"end":{"line":88,"column":15}},"29":{"start":{"line":89,"column":12},"end":{"line":89,"column":48}},"30":{"start":{"line":90,"column":12},"end":{"line":90,"column":57}},"31":{"start":{"line":92,"column":12},"end":{"line":92,"column":56}},"32":{"start":{"line":94,"column":12},"end":{"line":94,"column":73}},"33":{"start":{"line":95,"column":12},"end":{"line":95,"column":36}},"34":{"start":{"line":96,"column":12},"end":{"line":96,"column":39}},"35":{"start":{"line":97,"column":12},"end":{"line":115,"column":15}},"36":{"start":{"line":99,"column":16},"end":{"line":99,"column":44}},"37":{"start":{"line":101,"column":16},"end":{"line":104,"column":42}},"38":{"start":{"line":105,"column":16},"end":{"line":108,"column":42}},"39":{"start":{"line":109,"column":16},"end":{"line":113,"column":42}},"40":{"start":{"line":114,"column":16},"end":{"line":114,"column":26}},"41":{"start":{"line":118,"column":8},"end":{"line":137,"column":10}},"42":{"start":{"line":122,"column":12},"end":{"line":136,"column":24}},"43":{"start":{"line":124,"column":20},"end":{"line":124,"column":48}},"44":{"start":{"line":127,"column":16},"end":{"line":127,"column":29}},"45":{"start":{"line":128,"column":16},"end":{"line":128,"column":52}},"46":{"start":{"line":129,"column":16},"end":{"line":129,"column":40}},"47":{"start":{"line":130,"column":16},"end":{"line":130,"column":43}},"48":{"start":{"line":131,"column":16},"end":{"line":135,"column":19}},"49":{"start":{"line":133,"column":20},"end":{"line":133,"column":47}},"50":{"start":{"line":134,"column":20},"end":{"line":134,"column":30}},"51":{"start":{"line":139,"column":8},"end":{"line":154,"column":10}},"52":{"start":{"line":143,"column":12},"end":{"line":143,"column":25}},"53":{"start":{"line":144,"column":12},"end":{"line":144,"column":48}},"54":{"start":{"line":145,"column":12},"end":{"line":145,"column":36}},"55":{"start":{"line":146,"column":12},"end":{"line":146,"column":39}},"56":{"start":{"line":147,"column":12},"end":{"line":153,"column":15}},"57":{"start":{"line":149,"column":16},"end":{"line":149,"column":44}},"58":{"start":{"line":151,"column":16},"end":{"line":151,"column":85}},"59":{"start":{"line":152,"column":16},"end":{"line":152,"column":26}},"60":{"start":{"line":156,"column":8},"end":{"line":178,"column":10}},"61":{"start":{"line":160,"column":12},"end":{"line":160,"column":25}},"62":{"start":{"line":161,"column":12},"end":{"line":162,"column":60}},"63":{"start":{"line":163,"column":12},"end":{"line":166,"column":13}},"64":{"start":{"line":164,"column":16},"end":{"line":164,"column":26}},"65":{"start":{"line":165,"column":16},"end":{"line":165,"column":23}},"66":{"start":{"line":167,"column":12},"end":{"line":177,"column":24}},"67":{"start":{"line":170,"column":20},"end":{"line":170,"column":26}},"68":{"start":{"line":173,"column":16},"end":{"line":173,"column":74}},"69":{"start":{"line":174,"column":16},"end":{"line":174,"column":46}},"70":{"start":{"line":175,"column":16},"end":{"line":175,"column":43}},"71":{"start":{"line":176,"column":16},"end":{"line":176,"column":26}},"72":{"start":{"line":180,"column":8},"end":{"line":193,"column":10}},"73":{"start":{"line":184,"column":12},"end":{"line":188,"column":15}},"74":{"start":{"line":186,"column":16},"end":{"line":186,"column":43}},"75":{"start":{"line":187,"column":16},"end":{"line":187,"column":26}},"76":{"start":{"line":190,"column":12},"end":{"line":190,"column":47}},"77":{"start":{"line":191,"column":12},"end":{"line":191,"column":28}},"78":{"start":{"line":192,"column":12},"end":{"line":192,"column":28}},"79":{"start":{"line":195,"column":8},"end":{"line":209,"column":10}},"80":{"start":{"line":199,"column":12},"end":{"line":199,"column":46}},"81":{"start":{"line":200,"column":12},"end":{"line":208,"column":15}},"82":{"start":{"line":202,"column":16},"end":{"line":202,"column":44}},"83":{"start":{"line":204,"column":16},"end":{"line":204,"column":59}},"84":{"start":{"line":206,"column":16},"end":{"line":206,"column":94}},"85":{"start":{"line":207,"column":16},"end":{"line":207,"column":26}},"86":{"start":{"line":211,"column":8},"end":{"line":245,"column":10}},"87":{"start":{"line":215,"column":12},"end":{"line":215,"column":27}},"88":{"start":{"line":216,"column":12},"end":{"line":216,"column":51}},"89":{"start":{"line":217,"column":12},"end":{"line":217,"column":36}},"90":{"start":{"line":218,"column":12},"end":{"line":243,"column":15}},"91":{"start":{"line":232,"column":16},"end":{"line":232,"column":28}},"92":{"start":{"line":233,"column":16},"end":{"line":233,"column":40}},"93":{"start":{"line":234,"column":16},"end":{"line":242,"column":19}},"94":{"start":{"line":236,"column":20},"end":{"line":236,"column":47}},"95":{"start":{"line":238,"column":20},"end":{"line":238,"column":48}},"96":{"start":{"line":240,"column":20},"end":{"line":240,"column":55}},"97":{"start":{"line":241,"column":20},"end":{"line":241,"column":33}},"98":{"start":{"line":244,"column":12},"end":{"line":244,"column":25}},"99":{"start":{"line":247,"column":8},"end":{"line":327,"column":10}},"100":{"start":{"line":251,"column":12},"end":{"line":251,"column":27}},"101":{"start":{"line":252,"column":12},"end":{"line":252,"column":25}},"102":{"start":{"line":253,"column":12},"end":{"line":253,"column":51}},"103":{"start":{"line":254,"column":12},"end":{"line":254,"column":36}},"104":{"start":{"line":256,"column":12},"end":{"line":256,"column":36}},"105":{"start":{"line":257,"column":12},"end":{"line":292,"column":15}},"106":{"start":{"line":258,"column":16},"end":{"line":291,"column":19}},"107":{"start":{"line":272,"column":20},"end":{"line":272,"column":48}},"108":{"start":{"line":274,"column":20},"end":{"line":274,"column":63}},"109":{"start":{"line":276,"column":20},"end":{"line":289,"column":21}},"110":{"start":{"line":280,"column":24},"end":{"line":280,"column":64}},"111":{"start":{"line":282,"column":24},"end":{"line":282,"column":52}},"112":{"start":{"line":283,"column":24},"end":{"line":283,"column":60}},"113":{"start":{"line":284,"column":24},"end":{"line":284,"column":30}},"114":{"start":{"line":287,"column":24},"end":{"line":287,"column":56}},"115":{"start":{"line":288,"column":24},"end":{"line":288,"column":66}},"116":{"start":{"line":290,"column":20},"end":{"line":290,"column":33}},"117":{"start":{"line":294,"column":12},"end":{"line":325,"column":15}},"118":{"start":{"line":304,"column":16},"end":{"line":304,"column":44}},"119":{"start":{"line":306,"column":16},"end":{"line":306,"column":59}},"120":{"start":{"line":308,"column":16},"end":{"line":308,"column":48}},"121":{"start":{"line":309,"column":16},"end":{"line":309,"column":75}},"122":{"start":{"line":310,"column":16},"end":{"line":313,"column":18}},"123":{"start":{"line":315,"column":16},"end":{"line":315,"column":59}},"124":{"start":{"line":316,"column":16},"end":{"line":319,"column":18}},"125":{"start":{"line":320,"column":16},"end":{"line":320,"column":79}},"126":{"start":{"line":321,"column":16},"end":{"line":321,"column":58}},"127":{"start":{"line":322,"column":16},"end":{"line":322,"column":66}},"128":{"start":{"line":323,"column":16},"end":{"line":323,"column":58}},"129":{"start":{"line":324,"column":16},"end":{"line":324,"column":29}},"130":{"start":{"line":326,"column":12},"end":{"line":326,"column":25}},"131":{"start":{"line":329,"column":8},"end":{"line":341,"column":10}},"132":{"start":{"line":333,"column":12},"end":{"line":333,"column":59}},"133":{"start":{"line":334,"column":12},"end":{"line":340,"column":21}},"134":{"start":{"line":335,"column":16},"end":{"line":339,"column":19}},"135":{"start":{"line":337,"column":20},"end":{"line":337,"column":47}},"136":{"start":{"line":338,"column":20},"end":{"line":338,"column":30}},"137":{"start":{"line":343,"column":8},"end":{"line":397,"column":10}},"138":{"start":{"line":347,"column":12},"end":{"line":347,"column":25}},"139":{"start":{"line":349,"column":12},"end":{"line":349,"column":37}},"140":{"start":{"line":351,"column":12},"end":{"line":358,"column":15}},"141":{"start":{"line":352,"column":16},"end":{"line":352,"column":35}},"142":{"start":{"line":355,"column":16},"end":{"line":355,"column":43}},"143":{"start":{"line":357,"column":16},"end":{"line":357,"column":57}},"144":{"start":{"line":360,"column":12},"end":{"line":367,"column":15}},"145":{"start":{"line":361,"column":16},"end":{"line":361,"column":41}},"146":{"start":{"line":364,"column":16},"end":{"line":364,"column":43}},"147":{"start":{"line":366,"column":16},"end":{"line":366,"column":59}},"148":{"start":{"line":369,"column":12},"end":{"line":374,"column":15}},"149":{"start":{"line":370,"column":16},"end":{"line":370,"column":55}},"150":{"start":{"line":373,"column":16},"end":{"line":373,"column":43}},"151":{"start":{"line":376,"column":12},"end":{"line":383,"column":15}},"152":{"start":{"line":377,"column":16},"end":{"line":377,"column":46}},"153":{"start":{"line":380,"column":16},"end":{"line":380,"column":43}},"154":{"start":{"line":382,"column":16},"end":{"line":382,"column":65}},"155":{"start":{"line":384,"column":12},"end":{"line":384,"column":59}},"156":{"start":{"line":385,"column":12},"end":{"line":395,"column":15}},"157":{"start":{"line":386,"column":16},"end":{"line":394,"column":19}},"158":{"start":{"line":387,"column":20},"end":{"line":393,"column":21}},"159":{"start":{"line":389,"column":24},"end":{"line":389,"column":54}},"160":{"start":{"line":392,"column":24},"end":{"line":392,"column":57}},"161":{"start":{"line":396,"column":12},"end":{"line":396,"column":22}},"162":{"start":{"line":399,"column":8},"end":{"line":418,"column":10}},"163":{"start":{"line":403,"column":12},"end":{"line":403,"column":25}},"164":{"start":{"line":404,"column":12},"end":{"line":404,"column":89}},"165":{"start":{"line":405,"column":12},"end":{"line":408,"column":14}},"166":{"start":{"line":409,"column":12},"end":{"line":412,"column":14}},"167":{"start":{"line":413,"column":12},"end":{"line":416,"column":14}},"168":{"start":{"line":417,"column":12},"end":{"line":417,"column":22}},"169":{"start":{"line":420,"column":8},"end":{"line":466,"column":10}},"170":{"start":{"line":424,"column":12},"end":{"line":424,"column":27}},"171":{"start":{"line":425,"column":12},"end":{"line":425,"column":51}},"172":{"start":{"line":426,"column":12},"end":{"line":426,"column":36}},"173":{"start":{"line":427,"column":12},"end":{"line":427,"column":25}},"174":{"start":{"line":428,"column":12},"end":{"line":464,"column":15}},"175":{"start":{"line":434,"column":16},"end":{"line":434,"column":36}},"176":{"start":{"line":435,"column":16},"end":{"line":463,"column":19}},"177":{"start":{"line":436,"column":20},"end":{"line":436,"column":44}},"178":{"start":{"line":437,"column":20},"end":{"line":462,"column":23}},"179":{"start":{"line":439,"column":24},"end":{"line":439,"column":52}},"180":{"start":{"line":441,"column":24},"end":{"line":460,"column":25}},"181":{"start":{"line":443,"column":28},"end":{"line":446,"column":29}},"182":{"start":{"line":444,"column":32},"end":{"line":444,"column":89}},"183":{"start":{"line":445,"column":32},"end":{"line":445,"column":38}},"184":{"start":{"line":447,"column":28},"end":{"line":450,"column":30}},"185":{"start":{"line":451,"column":28},"end":{"line":451,"column":34}},"186":{"start":{"line":453,"column":28},"end":{"line":453,"column":72}},"187":{"start":{"line":454,"column":28},"end":{"line":454,"column":34}},"188":{"start":{"line":456,"column":28},"end":{"line":459,"column":30}},"189":{"start":{"line":461,"column":24},"end":{"line":461,"column":37}},"190":{"start":{"line":465,"column":12},"end":{"line":465,"column":25}},"191":{"start":{"line":468,"column":8},"end":{"line":485,"column":10}},"192":{"start":{"line":472,"column":12},"end":{"line":472,"column":25}},"193":{"start":{"line":473,"column":12},"end":{"line":473,"column":31}},"194":{"start":{"line":474,"column":12},"end":{"line":476,"column":13}},"195":{"start":{"line":475,"column":16},"end":{"line":475,"column":66}},"196":{"start":{"line":477,"column":12},"end":{"line":479,"column":13}},"197":{"start":{"line":478,"column":16},"end":{"line":478,"column":66}},"198":{"start":{"line":481,"column":12},"end":{"line":481,"column":61}},"199":{"start":{"line":482,"column":12},"end":{"line":482,"column":63}},"200":{"start":{"line":483,"column":12},"end":{"line":483,"column":86}},"201":{"start":{"line":484,"column":12},"end":{"line":484,"column":22}},"202":{"start":{"line":487,"column":8},"end":{"line":498,"column":10}},"203":{"start":{"line":491,"column":12},"end":{"line":493,"column":14}},"204":{"start":{"line":495,"column":12},"end":{"line":497,"column":24}},"205":{"start":{"line":496,"column":16},"end":{"line":496,"column":67}},"206":{"start":{"line":500,"column":8},"end":{"line":526,"column":10}},"207":{"start":{"line":504,"column":12},"end":{"line":524,"column":15}},"208":{"start":{"line":517,"column":16},"end":{"line":517,"column":28}},"209":{"start":{"line":518,"column":16},"end":{"line":522,"column":18}},"210":{"start":{"line":523,"column":16},"end":{"line":523,"column":70}},"211":{"start":{"line":525,"column":12},"end":{"line":525,"column":22}},"212":{"start":{"line":528,"column":8},"end":{"line":548,"column":10}},"213":{"start":{"line":532,"column":12},"end":{"line":532,"column":25}},"214":{"start":{"line":533,"column":12},"end":{"line":547,"column":24}},"215":{"start":{"line":536,"column":20},"end":{"line":536,"column":55}},"216":{"start":{"line":539,"column":16},"end":{"line":539,"column":34}},"217":{"start":{"line":540,"column":16},"end":{"line":540,"column":70}},"218":{"start":{"line":542,"column":16},"end":{"line":545,"column":18}},"219":{"start":{"line":546,"column":16},"end":{"line":546,"column":26}},"220":{"start":{"line":550,"column":8},"end":{"line":558,"column":10}},"221":{"start":{"line":554,"column":12},"end":{"line":554,"column":25}},"222":{"start":{"line":555,"column":12},"end":{"line":555,"column":44}},"223":{"start":{"line":556,"column":12},"end":{"line":556,"column":54}},"224":{"start":{"line":557,"column":12},"end":{"line":557,"column":22}},"225":{"start":{"line":560,"column":8},"end":{"line":574,"column":10}},"226":{"start":{"line":564,"column":12},"end":{"line":567,"column":14}},"227":{"start":{"line":569,"column":12},"end":{"line":573,"column":24}},"228":{"start":{"line":571,"column":16},"end":{"line":571,"column":48}},"229":{"start":{"line":572,"column":16},"end":{"line":572,"column":26}},"230":{"start":{"line":576,"column":8},"end":{"line":591,"column":10}},"231":{"start":{"line":580,"column":12},"end":{"line":580,"column":25}},"232":{"start":{"line":581,"column":12},"end":{"line":581,"column":57}},"233":{"start":{"line":583,"column":12},"end":{"line":583,"column":54}},"234":{"start":{"line":584,"column":12},"end":{"line":584,"column":62}},"235":{"start":{"line":586,"column":12},"end":{"line":586,"column":54}},"236":{"start":{"line":587,"column":12},"end":{"line":587,"column":58}},"237":{"start":{"line":589,"column":12},"end":{"line":589,"column":55}},"238":{"start":{"line":590,"column":12},"end":{"line":590,"column":22}},"239":{"start":{"line":593,"column":8},"end":{"line":629,"column":10}},"240":{"start":{"line":597,"column":12},"end":{"line":601,"column":14}},"241":{"start":{"line":602,"column":12},"end":{"line":628,"column":24}},"242":{"start":{"line":604,"column":16},"end":{"line":604,"column":75}},"243":{"start":{"line":606,"column":16},"end":{"line":606,"column":78}},"244":{"start":{"line":608,"column":16},"end":{"line":612,"column":18}},"245":{"start":{"line":614,"column":16},"end":{"line":614,"column":78}},"246":{"start":{"line":616,"column":16},"end":{"line":616,"column":73}},"247":{"start":{"line":618,"column":16},"end":{"line":618,"column":78}},"248":{"start":{"line":620,"column":16},"end":{"line":624,"column":18}},"249":{"start":{"line":626,"column":16},"end":{"line":626,"column":78}},"250":{"start":{"line":627,"column":16},"end":{"line":627,"column":26}},"251":{"start":{"line":631,"column":8},"end":{"line":642,"column":10}},"252":{"start":{"line":635,"column":12},"end":{"line":635,"column":25}},"253":{"start":{"line":637,"column":12},"end":{"line":640,"column":15}},"254":{"start":{"line":638,"column":16},"end":{"line":638,"column":55}},"255":{"start":{"line":639,"column":16},"end":{"line":639,"column":61}},"256":{"start":{"line":641,"column":12},"end":{"line":641,"column":22}},"257":{"start":{"line":644,"column":8},"end":{"line":673,"column":10}},"258":{"start":{"line":648,"column":12},"end":{"line":648,"column":25}},"259":{"start":{"line":650,"column":12},"end":{"line":654,"column":15}},"260":{"start":{"line":651,"column":16},"end":{"line":651,"column":62}},"261":{"start":{"line":652,"column":16},"end":{"line":652,"column":50}},"262":{"start":{"line":653,"column":16},"end":{"line":653,"column":62}},"263":{"start":{"line":656,"column":12},"end":{"line":665,"column":14}},"264":{"start":{"line":667,"column":12},"end":{"line":667,"column":33}},"265":{"start":{"line":668,"column":12},"end":{"line":671,"column":14}},"266":{"start":{"line":672,"column":12},"end":{"line":672,"column":22}},"267":{"start":{"line":675,"column":8},"end":{"line":695,"column":10}},"268":{"start":{"line":679,"column":12},"end":{"line":679,"column":25}},"269":{"start":{"line":680,"column":12},"end":{"line":680,"column":53}},"270":{"start":{"line":682,"column":12},"end":{"line":682,"column":80}},"271":{"start":{"line":683,"column":12},"end":{"line":683,"column":60}},"272":{"start":{"line":684,"column":12},"end":{"line":684,"column":80}},"273":{"start":{"line":686,"column":12},"end":{"line":686,"column":79}},"274":{"start":{"line":688,"column":12},"end":{"line":691,"column":14}},"275":{"start":{"line":693,"column":12},"end":{"line":693,"column":84}},"276":{"start":{"line":694,"column":12},"end":{"line":694,"column":22}},"277":{"start":{"line":697,"column":8},"end":{"line":723,"column":10}},"278":{"start":{"line":701,"column":12},"end":{"line":701,"column":25}},"279":{"start":{"line":702,"column":12},"end":{"line":702,"column":88}},"280":{"start":{"line":704,"column":12},"end":{"line":704,"column":80}},"281":{"start":{"line":705,"column":12},"end":{"line":705,"column":76}},"282":{"start":{"line":707,"column":12},"end":{"line":712,"column":14}},"283":{"start":{"line":713,"column":12},"end":{"line":713,"column":76}},"284":{"start":{"line":715,"column":12},"end":{"line":718,"column":14}},"285":{"start":{"line":720,"column":12},"end":{"line":720,"column":76}},"286":{"start":{"line":721,"column":12},"end":{"line":721,"column":52}},"287":{"start":{"line":722,"column":12},"end":{"line":722,"column":22}},"288":{"start":{"line":725,"column":8},"end":{"line":743,"column":10}},"289":{"start":{"line":729,"column":12},"end":{"line":729,"column":25}},"290":{"start":{"line":731,"column":12},"end":{"line":731,"column":52}},"291":{"start":{"line":732,"column":12},"end":{"line":732,"column":37}},"292":{"start":{"line":734,"column":12},"end":{"line":736,"column":13}},"293":{"start":{"line":735,"column":16},"end":{"line":735,"column":85}},"294":{"start":{"line":738,"column":12},"end":{"line":741,"column":14}},"295":{"start":{"line":742,"column":12},"end":{"line":742,"column":22}},"296":{"start":{"line":745,"column":8},"end":{"line":763,"column":10}},"297":{"start":{"line":749,"column":12},"end":{"line":749,"column":25}},"298":{"start":{"line":751,"column":12},"end":{"line":751,"column":35}},"299":{"start":{"line":753,"column":12},"end":{"line":759,"column":13}},"300":{"start":{"line":754,"column":16},"end":{"line":755,"column":80}},"301":{"start":{"line":757,"column":16},"end":{"line":757,"column":88}},"302":{"start":{"line":758,"column":16},"end":{"line":758,"column":91}},"303":{"start":{"line":761,"column":12},"end":{"line":761,"column":51}},"304":{"start":{"line":762,"column":12},"end":{"line":762,"column":22}},"305":{"start":{"line":765,"column":8},"end":{"line":792,"column":10}},"306":{"start":{"line":769,"column":12},"end":{"line":769,"column":25}},"307":{"start":{"line":771,"column":12},"end":{"line":771,"column":58}},"308":{"start":{"line":772,"column":12},"end":{"line":772,"column":59}},"309":{"start":{"line":773,"column":12},"end":{"line":773,"column":53}},"310":{"start":{"line":774,"column":12},"end":{"line":774,"column":52}},"311":{"start":{"line":775,"column":12},"end":{"line":775,"column":51}},"312":{"start":{"line":776,"column":12},"end":{"line":776,"column":52}},"313":{"start":{"line":778,"column":12},"end":{"line":778,"column":52}},"314":{"start":{"line":779,"column":12},"end":{"line":779,"column":53}},"315":{"start":{"line":780,"column":12},"end":{"line":780,"column":53}},"316":{"start":{"line":781,"column":12},"end":{"line":781,"column":52}},"317":{"start":{"line":782,"column":12},"end":{"line":782,"column":51}},"318":{"start":{"line":783,"column":12},"end":{"line":783,"column":52}},"319":{"start":{"line":785,"column":12},"end":{"line":785,"column":53}},"320":{"start":{"line":786,"column":12},"end":{"line":786,"column":54}},"321":{"start":{"line":787,"column":12},"end":{"line":787,"column":53}},"322":{"start":{"line":788,"column":12},"end":{"line":788,"column":52}},"323":{"start":{"line":789,"column":12},"end":{"line":789,"column":51}},"324":{"start":{"line":790,"column":12},"end":{"line":790,"column":52}},"325":{"start":{"line":791,"column":12},"end":{"line":791,"column":22}},"326":{"start":{"line":794,"column":8},"end":{"line":804,"column":10}},"327":{"start":{"line":798,"column":12},"end":{"line":798,"column":39}},"328":{"start":{"line":799,"column":12},"end":{"line":802,"column":14}},"329":{"start":{"line":803,"column":12},"end":{"line":803,"column":22}},"330":{"start":{"line":806,"column":8},"end":{"line":824,"column":10}},"331":{"start":{"line":810,"column":12},"end":{"line":817,"column":14}},"332":{"start":{"line":818,"column":12},"end":{"line":818,"column":54}},"333":{"start":{"line":819,"column":12},"end":{"line":822,"column":14}},"334":{"start":{"line":823,"column":12},"end":{"line":823,"column":22}},"335":{"start":{"line":826,"column":8},"end":{"line":837,"column":10}},"336":{"start":{"line":830,"column":12},"end":{"line":833,"column":15}},"337":{"start":{"line":835,"column":12},"end":{"line":835,"column":71}},"338":{"start":{"line":836,"column":12},"end":{"line":836,"column":22}},"339":{"start":{"line":839,"column":8},"end":{"line":882,"column":10}},"340":{"start":{"line":844,"column":12},"end":{"line":844,"column":37}},"341":{"start":{"line":845,"column":12},"end":{"line":845,"column":39}},"342":{"start":{"line":847,"column":12},"end":{"line":856,"column":15}},"343":{"start":{"line":848,"column":16},"end":{"line":855,"column":19}},"344":{"start":{"line":849,"column":20},"end":{"line":854,"column":22}},"345":{"start":{"line":858,"column":12},"end":{"line":863,"column":14}},"346":{"start":{"line":865,"column":12},"end":{"line":868,"column":14}},"347":{"start":{"line":870,"column":12},"end":{"line":875,"column":14}},"348":{"start":{"line":877,"column":12},"end":{"line":880,"column":14}},"349":{"start":{"line":881,"column":12},"end":{"line":881,"column":22}},"350":{"start":{"line":884,"column":8},"end":{"line":937,"column":10}},"351":{"start":{"line":889,"column":12},"end":{"line":889,"column":38}},"352":{"start":{"line":890,"column":12},"end":{"line":890,"column":40}},"353":{"start":{"line":892,"column":12},"end":{"line":901,"column":15}},"354":{"start":{"line":893,"column":16},"end":{"line":900,"column":19}},"355":{"start":{"line":894,"column":20},"end":{"line":899,"column":22}},"356":{"start":{"line":903,"column":12},"end":{"line":908,"column":14}},"357":{"start":{"line":910,"column":12},"end":{"line":913,"column":14}},"358":{"start":{"line":915,"column":12},"end":{"line":920,"column":14}},"359":{"start":{"line":922,"column":12},"end":{"line":925,"column":14}},"360":{"start":{"line":927,"column":12},"end":{"line":933,"column":14}},"361":{"start":{"line":935,"column":12},"end":{"line":935,"column":59}},"362":{"start":{"line":936,"column":12},"end":{"line":936,"column":22}},"363":{"start":{"line":939,"column":8},"end":{"line":957,"column":10}},"364":{"start":{"line":943,"column":12},"end":{"line":943,"column":72}},"365":{"start":{"line":945,"column":12},"end":{"line":945,"column":35}},"366":{"start":{"line":946,"column":12},"end":{"line":950,"column":15}},"367":{"start":{"line":947,"column":16},"end":{"line":949,"column":17}},"368":{"start":{"line":948,"column":20},"end":{"line":948,"column":38}},"369":{"start":{"line":952,"column":12},"end":{"line":955,"column":14}},"370":{"start":{"line":956,"column":12},"end":{"line":956,"column":22}},"371":{"start":{"line":959,"column":8},"end":{"line":980,"column":10}},"372":{"start":{"line":963,"column":12},"end":{"line":979,"column":24}},"373":{"start":{"line":966,"column":20},"end":{"line":966,"column":34}},"374":{"start":{"line":971,"column":16},"end":{"line":971,"column":39}},"375":{"start":{"line":973,"column":16},"end":{"line":973,"column":48}},"376":{"start":{"line":975,"column":16},"end":{"line":975,"column":57}},"377":{"start":{"line":977,"column":16},"end":{"line":977,"column":47}},"378":{"start":{"line":978,"column":16},"end":{"line":978,"column":26}},"379":{"start":{"line":982,"column":8},"end":{"line":995,"column":10}},"380":{"start":{"line":986,"column":12},"end":{"line":994,"column":15}},"381":{"start":{"line":987,"column":16},"end":{"line":987,"column":29}},"382":{"start":{"line":988,"column":16},"end":{"line":988,"column":44}},"383":{"start":{"line":989,"column":16},"end":{"line":989,"column":50}},"384":{"start":{"line":992,"column":16},"end":{"line":992,"column":43}},"385":{"start":{"line":993,"column":16},"end":{"line":993,"column":26}},"386":{"start":{"line":997,"column":8},"end":{"line":1014,"column":10}},"387":{"start":{"line":1002,"column":12},"end":{"line":1002,"column":25}},"388":{"start":{"line":1003,"column":12},"end":{"line":1005,"column":15}},"389":{"start":{"line":1004,"column":16},"end":{"line":1004,"column":41}},"390":{"start":{"line":1006,"column":12},"end":{"line":1006,"column":33}},"391":{"start":{"line":1007,"column":12},"end":{"line":1013,"column":15}},"392":{"start":{"line":1008,"column":16},"end":{"line":1008,"column":33}},"393":{"start":{"line":1011,"column":16},"end":{"line":1011,"column":43}},"394":{"start":{"line":1012,"column":16},"end":{"line":1012,"column":26}},"395":{"start":{"line":1016,"column":8},"end":{"line":1048,"column":10}},"396":{"start":{"line":1020,"column":12},"end":{"line":1020,"column":44}},"397":{"start":{"line":1022,"column":12},"end":{"line":1022,"column":31}},"398":{"start":{"line":1024,"column":12},"end":{"line":1029,"column":15}},"399":{"start":{"line":1026,"column":16},"end":{"line":1026,"column":44}},"400":{"start":{"line":1028,"column":16},"end":{"line":1028,"column":54}},"401":{"start":{"line":1030,"column":12},"end":{"line":1030,"column":36}},"402":{"start":{"line":1032,"column":12},"end":{"line":1032,"column":36}},"403":{"start":{"line":1033,"column":12},"end":{"line":1045,"column":15}},"404":{"start":{"line":1034,"column":16},"end":{"line":1038,"column":19}},"405":{"start":{"line":1036,"column":20},"end":{"line":1036,"column":47}},"406":{"start":{"line":1037,"column":20},"end":{"line":1037,"column":33}},"407":{"start":{"line":1039,"column":16},"end":{"line":1039,"column":45}},"408":{"start":{"line":1041,"column":16},"end":{"line":1041,"column":45}},"409":{"start":{"line":1042,"column":16},"end":{"line":1042,"column":52}},"410":{"start":{"line":1044,"column":16},"end":{"line":1044,"column":34}},"411":{"start":{"line":1047,"column":12},"end":{"line":1047,"column":25}},"412":{"start":{"line":1050,"column":8},"end":{"line":1072,"column":10}},"413":{"start":{"line":1054,"column":12},"end":{"line":1054,"column":47}},"414":{"start":{"line":1055,"column":12},"end":{"line":1071,"column":15}},"415":{"start":{"line":1057,"column":16},"end":{"line":1057,"column":43}},"416":{"start":{"line":1059,"column":16},"end":{"line":1062,"column":18}},"417":{"start":{"line":1064,"column":16},"end":{"line":1064,"column":47}},"418":{"start":{"line":1066,"column":16},"end":{"line":1066,"column":67}},"419":{"start":{"line":1067,"column":16},"end":{"line":1067,"column":26}},"420":{"start":{"line":1070,"column":16},"end":{"line":1070,"column":57}},"421":{"start":{"line":1074,"column":8},"end":{"line":1100,"column":10}},"422":{"start":{"line":1078,"column":12},"end":{"line":1078,"column":25}},"423":{"start":{"line":1080,"column":12},"end":{"line":1082,"column":15}},"424":{"start":{"line":1081,"column":16},"end":{"line":1081,"column":23}},"425":{"start":{"line":1084,"column":12},"end":{"line":1087,"column":14}},"426":{"start":{"line":1089,"column":12},"end":{"line":1099,"column":15}},"427":{"start":{"line":1090,"column":16},"end":{"line":1090,"column":36}},"428":{"start":{"line":1093,"column":16},"end":{"line":1093,"column":44}},"429":{"start":{"line":1094,"column":16},"end":{"line":1094,"column":50}},"430":{"start":{"line":1096,"column":16},"end":{"line":1097,"column":85}},"431":{"start":{"line":1098,"column":16},"end":{"line":1098,"column":26}},"432":{"start":{"line":1102,"column":8},"end":{"line":1110,"column":10}},"433":{"start":{"line":1106,"column":12},"end":{"line":1106,"column":27}},"434":{"start":{"line":1107,"column":12},"end":{"line":1107,"column":46}},"435":{"start":{"line":1108,"column":12},"end":{"line":1108,"column":27}},"436":{"start":{"line":1109,"column":12},"end":{"line":1109,"column":46}},"437":{"start":{"line":1112,"column":8},"end":{"line":1137,"column":10}},"438":{"start":{"line":1116,"column":12},"end":{"line":1116,"column":25}},"439":{"start":{"line":1118,"column":12},"end":{"line":1118,"column":56}},"440":{"start":{"line":1119,"column":12},"end":{"line":1119,"column":75}},"441":{"start":{"line":1122,"column":12},"end":{"line":1126,"column":14}},"442":{"start":{"line":1127,"column":12},"end":{"line":1127,"column":55}},"443":{"start":{"line":1130,"column":12},"end":{"line":1134,"column":14}},"444":{"start":{"line":1135,"column":12},"end":{"line":1135,"column":54}},"445":{"start":{"line":1136,"column":12},"end":{"line":1136,"column":22}},"446":{"start":{"line":1139,"column":8},"end":{"line":1147,"column":10}},"447":{"start":{"line":1143,"column":12},"end":{"line":1143,"column":25}},"448":{"start":{"line":1144,"column":12},"end":{"line":1144,"column":60}},"449":{"start":{"line":1145,"column":12},"end":{"line":1145,"column":96}},"450":{"start":{"line":1146,"column":12},"end":{"line":1146,"column":22}},"451":{"start":{"line":1149,"column":8},"end":{"line":1157,"column":10}},"452":{"start":{"line":1153,"column":12},"end":{"line":1153,"column":25}},"453":{"start":{"line":1154,"column":12},"end":{"line":1154,"column":66}},"454":{"start":{"line":1155,"column":12},"end":{"line":1155,"column":96}},"455":{"start":{"line":1156,"column":12},"end":{"line":1156,"column":22}},"456":{"start":{"line":1159,"column":8},"end":{"line":1231,"column":10}},"457":{"start":{"line":1163,"column":12},"end":{"line":1163,"column":48}},"458":{"start":{"line":1164,"column":12},"end":{"line":1164,"column":25}},"459":{"start":{"line":1165,"column":12},"end":{"line":1228,"column":15}},"460":{"start":{"line":1166,"column":16},"end":{"line":1227,"column":17}},"461":{"start":{"line":1169,"column":20},"end":{"line":1171,"column":22}},"462":{"start":{"line":1170,"column":24},"end":{"line":1170,"column":50}},"463":{"start":{"line":1172,"column":20},"end":{"line":1172,"column":76}},"464":{"start":{"line":1173,"column":20},"end":{"line":1173,"column":43}},"465":{"start":{"line":1175,"column":20},"end":{"line":1175,"column":62}},"466":{"start":{"line":1176,"column":20},"end":{"line":1176,"column":38}},"467":{"start":{"line":1177,"column":20},"end":{"line":1182,"column":22}},"468":{"start":{"line":1183,"column":20},"end":{"line":1183,"column":80}},"469":{"start":{"line":1184,"column":20},"end":{"line":1184,"column":26}},"470":{"start":{"line":1187,"column":20},"end":{"line":1187,"column":54}},"471":{"start":{"line":1189,"column":20},"end":{"line":1189,"column":86}},"472":{"start":{"line":1190,"column":20},"end":{"line":1190,"column":26}},"473":{"start":{"line":1193,"column":20},"end":{"line":1193,"column":38}},"474":{"start":{"line":1194,"column":20},"end":{"line":1201,"column":22}},"475":{"start":{"line":1202,"column":20},"end":{"line":1202,"column":80}},"476":{"start":{"line":1203,"column":20},"end":{"line":1203,"column":26}},"477":{"start":{"line":1206,"column":20},"end":{"line":1206,"column":54}},"478":{"start":{"line":1208,"column":20},"end":{"line":1208,"column":74}},"479":{"start":{"line":1209,"column":20},"end":{"line":1209,"column":26}},"480":{"start":{"line":1212,"column":20},"end":{"line":1215,"column":22}},"481":{"start":{"line":1216,"column":20},"end":{"line":1216,"column":80}},"482":{"start":{"line":1217,"column":20},"end":{"line":1217,"column":26}},"483":{"start":{"line":1220,"column":20},"end":{"line":1220,"column":54}},"484":{"start":{"line":1222,"column":20},"end":{"line":1222,"column":74}},"485":{"start":{"line":1223,"column":20},"end":{"line":1223,"column":37}},"486":{"start":{"line":1224,"column":20},"end":{"line":1224,"column":26}},"487":{"start":{"line":1226,"column":20},"end":{"line":1226,"column":35}},"488":{"start":{"line":1229,"column":12},"end":{"line":1229,"column":33}},"489":{"start":{"line":1230,"column":12},"end":{"line":1230,"column":29}},"490":{"start":{"line":1233,"column":8},"end":{"line":1248,"column":10}},"491":{"start":{"line":1237,"column":12},"end":{"line":1237,"column":79}},"492":{"start":{"line":1238,"column":12},"end":{"line":1244,"column":15}},"493":{"start":{"line":1239,"column":16},"end":{"line":1239,"column":26}},"494":{"start":{"line":1241,"column":16},"end":{"line":1241,"column":26}},"495":{"start":{"line":1243,"column":16},"end":{"line":1243,"column":37}},"496":{"start":{"line":1246,"column":12},"end":{"line":1246,"column":54}},"497":{"start":{"line":1247,"column":12},"end":{"line":1247,"column":22}},"498":{"start":{"line":1250,"column":8},"end":{"line":1267,"column":10}},"499":{"start":{"line":1254,"column":12},"end":{"line":1254,"column":72}},"500":{"start":{"line":1256,"column":12},"end":{"line":1261,"column":15}},"501":{"start":{"line":1257,"column":16},"end":{"line":1260,"column":19}},"502":{"start":{"line":1258,"column":20},"end":{"line":1258,"column":41}},"503":{"start":{"line":1259,"column":20},"end":{"line":1259,"column":40}},"504":{"start":{"line":1263,"column":12},"end":{"line":1266,"column":15}},"505":{"start":{"line":1264,"column":16},"end":{"line":1264,"column":58}},"506":{"start":{"line":1265,"column":16},"end":{"line":1265,"column":26}},"507":{"start":{"line":1269,"column":8},"end":{"line":1347,"column":10}},"508":{"start":{"line":1273,"column":12},"end":{"line":1273,"column":25}},"509":{"start":{"line":1275,"column":12},"end":{"line":1275,"column":62}},"510":{"start":{"line":1276,"column":12},"end":{"line":1276,"column":58}},"511":{"start":{"line":1278,"column":12},"end":{"line":1291,"column":19}},"512":{"start":{"line":1292,"column":12},"end":{"line":1295,"column":14}},"513":{"start":{"line":1297,"column":12},"end":{"line":1322,"column":19}},"514":{"start":{"line":1323,"column":12},"end":{"line":1345,"column":39}},"515":{"start":{"line":1346,"column":12},"end":{"line":1346,"column":22}},"516":{"start":{"line":1349,"column":8},"end":{"line":1363,"column":10}},"517":{"start":{"line":1353,"column":12},"end":{"line":1353,"column":25}},"518":{"start":{"line":1354,"column":12},"end":{"line":1362,"column":24}},"519":{"start":{"line":1358,"column":16},"end":{"line":1358,"column":46}},"520":{"start":{"line":1360,"column":16},"end":{"line":1360,"column":61}},"521":{"start":{"line":1361,"column":16},"end":{"line":1361,"column":26}},"522":{"start":{"line":1365,"column":8},"end":{"line":1379,"column":10}},"523":{"start":{"line":1369,"column":12},"end":{"line":1369,"column":25}},"524":{"start":{"line":1371,"column":12},"end":{"line":1371,"column":73}},"525":{"start":{"line":1373,"column":12},"end":{"line":1373,"column":67}},"526":{"start":{"line":1375,"column":12},"end":{"line":1375,"column":59}},"527":{"start":{"line":1377,"column":12},"end":{"line":1377,"column":56}},"528":{"start":{"line":1378,"column":12},"end":{"line":1378,"column":22}},"529":{"start":{"line":1381,"column":8},"end":{"line":1424,"column":10}},"530":{"start":{"line":1385,"column":12},"end":{"line":1392,"column":14}},"531":{"start":{"line":1393,"column":12},"end":{"line":1423,"column":24}},"532":{"start":{"line":1395,"column":16},"end":{"line":1408,"column":19}},"533":{"start":{"line":1410,"column":16},"end":{"line":1421,"column":19}},"534":{"start":{"line":1422,"column":16},"end":{"line":1422,"column":26}},"535":{"start":{"line":1426,"column":8},"end":{"line":1436,"column":10}},"536":{"start":{"line":1430,"column":12},"end":{"line":1430,"column":25}},"537":{"start":{"line":1432,"column":12},"end":{"line":1432,"column":47}},"538":{"start":{"line":1434,"column":12},"end":{"line":1434,"column":84}},"539":{"start":{"line":1435,"column":12},"end":{"line":1435,"column":22}},"540":{"start":{"line":1438,"column":4},"end":{"line":2063,"column":5}},"541":{"start":{"line":1444,"column":8},"end":{"line":1461,"column":10}},"542":{"start":{"line":1448,"column":12},"end":{"line":1453,"column":14}},"543":{"start":{"line":1450,"column":20},"end":{"line":1450,"column":52}},"544":{"start":{"line":1451,"column":20},"end":{"line":1451,"column":52}},"545":{"start":{"line":1454,"column":12},"end":{"line":1460,"column":24}},"546":{"start":{"line":1455,"column":16},"end":{"line":1458,"column":19}},"547":{"start":{"line":1457,"column":20},"end":{"line":1457,"column":47}},"548":{"start":{"line":1459,"column":16},"end":{"line":1459,"column":26}},"549":{"start":{"line":1463,"column":8},"end":{"line":1491,"column":10}},"550":{"start":{"line":1467,"column":12},"end":{"line":1467,"column":25}},"551":{"start":{"line":1469,"column":12},"end":{"line":1469,"column":36}},"552":{"start":{"line":1471,"column":12},"end":{"line":1471,"column":49}},"553":{"start":{"line":1472,"column":12},"end":{"line":1472,"column":59}},"554":{"start":{"line":1474,"column":12},"end":{"line":1474,"column":46}},"555":{"start":{"line":1476,"column":12},"end":{"line":1476,"column":49}},"556":{"start":{"line":1477,"column":12},"end":{"line":1477,"column":54}},"557":{"start":{"line":1479,"column":12},"end":{"line":1479,"column":37}},"558":{"start":{"line":1481,"column":12},"end":{"line":1481,"column":49}},"559":{"start":{"line":1482,"column":12},"end":{"line":1482,"column":59}},"560":{"start":{"line":1484,"column":12},"end":{"line":1484,"column":46}},"561":{"start":{"line":1486,"column":12},"end":{"line":1486,"column":36}},"562":{"start":{"line":1488,"column":12},"end":{"line":1488,"column":49}},"563":{"start":{"line":1489,"column":12},"end":{"line":1489,"column":59}},"564":{"start":{"line":1490,"column":12},"end":{"line":1490,"column":22}},"565":{"start":{"line":1493,"column":8},"end":{"line":1501,"column":10}},"566":{"start":{"line":1497,"column":12},"end":{"line":1497,"column":25}},"567":{"start":{"line":1498,"column":12},"end":{"line":1498,"column":92}},"568":{"start":{"line":1499,"column":12},"end":{"line":1499,"column":87}},"569":{"start":{"line":1500,"column":12},"end":{"line":1500,"column":22}},"570":{"start":{"line":1502,"column":8},"end":{"line":1502,"column":14}},"571":{"start":{"line":1508,"column":8},"end":{"line":1541,"column":10}},"572":{"start":{"line":1512,"column":12},"end":{"line":1512,"column":25}},"573":{"start":{"line":1513,"column":12},"end":{"line":1538,"column":15}},"574":{"start":{"line":1514,"column":16},"end":{"line":1537,"column":17}},"575":{"start":{"line":1517,"column":20},"end":{"line":1517,"column":72}},"576":{"start":{"line":1518,"column":20},"end":{"line":1518,"column":26}},"577":{"start":{"line":1521,"column":20},"end":{"line":1521,"column":70}},"578":{"start":{"line":1523,"column":20},"end":{"line":1528,"column":39}},"579":{"start":{"line":1529,"column":20},"end":{"line":1529,"column":26}},"580":{"start":{"line":1532,"column":20},"end":{"line":1532,"column":64}},"581":{"start":{"line":1533,"column":20},"end":{"line":1533,"column":37}},"582":{"start":{"line":1534,"column":20},"end":{"line":1534,"column":26}},"583":{"start":{"line":1536,"column":20},"end":{"line":1536,"column":35}},"584":{"start":{"line":1539,"column":12},"end":{"line":1539,"column":33}},"585":{"start":{"line":1540,"column":12},"end":{"line":1540,"column":29}},"586":{"start":{"line":1543,"column":8},"end":{"line":1555,"column":10}},"587":{"start":{"line":1548,"column":12},"end":{"line":1552,"column":35}},"588":{"start":{"line":1551,"column":16},"end":{"line":1551,"column":49}},"589":{"start":{"line":1553,"column":12},"end":{"line":1553,"column":44}},"590":{"start":{"line":1554,"column":12},"end":{"line":1554,"column":48}},"591":{"start":{"line":1557,"column":8},"end":{"line":1593,"column":10}},"592":{"start":{"line":1561,"column":12},"end":{"line":1561,"column":76}},"593":{"start":{"line":1562,"column":12},"end":{"line":1562,"column":73}},"594":{"start":{"line":1563,"column":12},"end":{"line":1563,"column":74}},"595":{"start":{"line":1564,"column":12},"end":{"line":1591,"column":15}},"596":{"start":{"line":1592,"column":12},"end":{"line":1592,"column":45}},"597":{"start":{"line":1595,"column":8},"end":{"line":1612,"column":10}},"598":{"start":{"line":1599,"column":12},"end":{"line":1599,"column":25}},"599":{"start":{"line":1600,"column":12},"end":{"line":1610,"column":14}},"600":{"start":{"line":1602,"column":16},"end":{"line":1609,"column":19}},"601":{"start":{"line":1606,"column":20},"end":{"line":1608,"column":23}},"602":{"start":{"line":1607,"column":24},"end":{"line":1607,"column":77}},"603":{"start":{"line":1611,"column":12},"end":{"line":1611,"column":45}},"604":{"start":{"line":1614,"column":8},"end":{"line":1631,"column":10}},"605":{"start":{"line":1618,"column":12},"end":{"line":1630,"column":24}},"606":{"start":{"line":1621,"column":24},"end":{"line":1621,"column":47}},"607":{"start":{"line":1627,"column":16},"end":{"line":1627,"column":29}},"608":{"start":{"line":1628,"column":16},"end":{"line":1628,"column":63}},"609":{"start":{"line":1629,"column":16},"end":{"line":1629,"column":26}},"610":{"start":{"line":1633,"column":8},"end":{"line":1658,"column":10}},"611":{"start":{"line":1637,"column":12},"end":{"line":1637,"column":25}},"612":{"start":{"line":1638,"column":12},"end":{"line":1656,"column":14}},"613":{"start":{"line":1640,"column":16},"end":{"line":1655,"column":19}},"614":{"start":{"line":1652,"column":20},"end":{"line":1654,"column":23}},"615":{"start":{"line":1653,"column":24},"end":{"line":1653,"column":77}},"616":{"start":{"line":1657,"column":12},"end":{"line":1657,"column":48}},"617":{"start":{"line":1660,"column":8},"end":{"line":1678,"column":10}},"618":{"start":{"line":1664,"column":12},"end":{"line":1664,"column":25}},"619":{"start":{"line":1665,"column":12},"end":{"line":1676,"column":14}},"620":{"start":{"line":1667,"column":16},"end":{"line":1675,"column":19}},"621":{"start":{"line":1672,"column":20},"end":{"line":1674,"column":23}},"622":{"start":{"line":1673,"column":24},"end":{"line":1673,"column":77}},"623":{"start":{"line":1677,"column":12},"end":{"line":1677,"column":46}},"624":{"start":{"line":1680,"column":8},"end":{"line":1703,"column":10}},"625":{"start":{"line":1684,"column":12},"end":{"line":1684,"column":25}},"626":{"start":{"line":1685,"column":12},"end":{"line":1685,"column":84}},"627":{"start":{"line":1686,"column":12},"end":{"line":1689,"column":14}},"628":{"start":{"line":1691,"column":12},"end":{"line":1691,"column":52}},"629":{"start":{"line":1692,"column":12},"end":{"line":1695,"column":14}},"630":{"start":{"line":1696,"column":12},"end":{"line":1699,"column":14}},"631":{"start":{"line":1701,"column":12},"end":{"line":1701,"column":54}},"632":{"start":{"line":1702,"column":12},"end":{"line":1702,"column":22}},"633":{"start":{"line":1705,"column":8},"end":{"line":1759,"column":10}},"634":{"start":{"line":1709,"column":12},"end":{"line":1709,"column":27}},"635":{"start":{"line":1710,"column":12},"end":{"line":1710,"column":51}},"636":{"start":{"line":1711,"column":12},"end":{"line":1711,"column":36}},"637":{"start":{"line":1712,"column":12},"end":{"line":1712,"column":25}},"638":{"start":{"line":1714,"column":12},"end":{"line":1714,"column":36}},"639":{"start":{"line":1715,"column":12},"end":{"line":1736,"column":15}},"640":{"start":{"line":1723,"column":16},"end":{"line":1723,"column":44}},"641":{"start":{"line":1725,"column":16},"end":{"line":1725,"column":64}},"642":{"start":{"line":1727,"column":16},"end":{"line":1727,"column":88}},"643":{"start":{"line":1729,"column":16},"end":{"line":1729,"column":56}},"644":{"start":{"line":1730,"column":16},"end":{"line":1730,"column":75}},"645":{"start":{"line":1731,"column":16},"end":{"line":1734,"column":18}},"646":{"start":{"line":1735,"column":16},"end":{"line":1735,"column":29}},"647":{"start":{"line":1738,"column":12},"end":{"line":1738,"column":36}},"648":{"start":{"line":1739,"column":12},"end":{"line":1745,"column":15}},"649":{"start":{"line":1743,"column":16},"end":{"line":1743,"column":43}},"650":{"start":{"line":1744,"column":16},"end":{"line":1744,"column":29}},"651":{"start":{"line":1747,"column":12},"end":{"line":1747,"column":36}},"652":{"start":{"line":1748,"column":12},"end":{"line":1757,"column":21}},"653":{"start":{"line":1749,"column":16},"end":{"line":1756,"column":19}},"654":{"start":{"line":1754,"column":20},"end":{"line":1754,"column":47}},"655":{"start":{"line":1755,"column":20},"end":{"line":1755,"column":33}},"656":{"start":{"line":1758,"column":12},"end":{"line":1758,"column":25}},"657":{"start":{"line":1761,"column":8},"end":{"line":1773,"column":10}},"658":{"start":{"line":1765,"column":12},"end":{"line":1765,"column":25}},"659":{"start":{"line":1766,"column":12},"end":{"line":1769,"column":14}},"660":{"start":{"line":1770,"column":12},"end":{"line":1770,"column":72}},"661":{"start":{"line":1771,"column":12},"end":{"line":1771,"column":45}},"662":{"start":{"line":1772,"column":12},"end":{"line":1772,"column":22}},"663":{"start":{"line":1775,"column":8},"end":{"line":1810,"column":10}},"664":{"start":{"line":1779,"column":12},"end":{"line":1779,"column":27}},"665":{"start":{"line":1780,"column":12},"end":{"line":1780,"column":51}},"666":{"start":{"line":1781,"column":12},"end":{"line":1781,"column":36}},"667":{"start":{"line":1783,"column":12},"end":{"line":1788,"column":14}},"668":{"start":{"line":1789,"column":12},"end":{"line":1789,"column":36}},"669":{"start":{"line":1790,"column":12},"end":{"line":1790,"column":44}},"670":{"start":{"line":1792,"column":12},"end":{"line":1792,"column":85}},"671":{"start":{"line":1793,"column":12},"end":{"line":1793,"column":36}},"672":{"start":{"line":1794,"column":12},"end":{"line":1800,"column":15}},"673":{"start":{"line":1796,"column":16},"end":{"line":1796,"column":44}},"674":{"sta
[...]
    (function () {","        // init local","        local = {};","        // init modeJs","        local.modeJs = (function () {","            try {","                return typeof navigator.userAgent === 'string' &&","                    typeof document.querySelector('body') === 'object' &&","                    typeof XMLHttpRequest.prototype.open === 'function' &&","                    'browser';","            } catch (errorCaughtBrowser) {","                return module.exports &&","                    typeof process.versions.node === 'string' &&","                    typeof require('http').createServer === 'function' &&","                    'node';","            }","        }());","        // init global","        local.global = local.modeJs === 'browser'","            ? window","            : global;","        // init utility2_rollup","        local = local.global.utility2_rollup || (local.modeJs === 'browser'","            ? window.utility2","            : global.utility2_moduleExports);","        // export local","        local.global.local = local;","        // run test-server","        local.testRunServer(local);","        // init assets","        local.assetsDict['/assets.hello'] = 'hello';","    }());","    switch (local.modeJs) {","","","","    // run browser js-env code - function","    case 'browser':","        local.testCase_ajax_200 = function (options, onError) {","        /*","         * this function will test ajax's \"200 ok\" handling-behavior","         */","            options = {};","            // test ajax-path 'assets.hello'","            local.ajax({ url: 'assets.hello' }, function (error, xhr) {","                local.tryCatchOnError(function () {","                    // validate no error occurred","                    local.assert(!error, error);","                    // validate data","                    options.data = xhr.responseText;","                    local.assert(options.data === 'hello', options.data);","                    onError();","                }, onError);","            });","        };","        local.testCase_ajax_404 = function (options, onError) {","        /*","         * this function will test ajax's \"404 not found\" handling-behavior","         */","            options = {};","            // test ajax-path '/undefined'","            local.ajax({ url: '/undefined' }, function (error) {","                local.tryCatchOnError(function () {","                    // validate error occurred","                    local.assert(error, error);","                    options.statusCode = error.statusCode;","                    // validate 404 http statusCode","                    local.assert(options.statusCode === 404, options.statusCode);","                    onError();","                }, onError);","            });","        };","        break;","","","","    // run node js-env code - function","    case 'node':","        local.testCase_webpage_default = function (options, onError) {","        /*","         * this function will test the webpage's default handling-behavior","         */","            options = { modeCoverageMerge: true, url: local.serverLocalHost + '?modeTest=1' };","            local.browserTest(options, onError);","        };","        break;","    }","    switch (local.modeJs) {","","","","    // post-init","    // run browser js-env code - post-init","    /* istanbul ignore next */","    case 'browser':","        local.testRunBrowser = function (event) {","            if (!event || (event &&","                    event.currentTarget &&","                    event.currentTarget.className &&","                    event.currentTarget.className.includes &&","                    event.currentTarget.className.includes('onreset'))) {","                // reset output","                Array.from(","                    document.querySelectorAll('body > .resettable')","                ).forEach(function (element) {","                    switch (element.tagName) {","                    case 'INPUT':","                    case 'TEXTAREA':","                        element.value = '';","                        break;","                    default:","                        element.textContent = '';","                    }","                });","            }","            switch (event && event.currentTarget && event.currentTarget.id) {","            case 'testRunButton1':","                // show tests","                if (document.querySelector('#testReportDiv1').style.display === 'none') {","                    document.querySelector('#testReportDiv1').style.display = 'block';","                    document.querySelector('#testRunButton1').textContent =","                        'hide internal test';","                    local.modeTest = true;","                    local.testRunDefault(local);","                // hide tests","                } else {","                    document.querySelector('#testReportDiv1').style.display = 'none';","                    document.querySelector('#testRunButton1').textContent = 'run internal test';","                }","                break;","            // custom-case","            case 'testRunButton2':","                // run tests","                local.modeTest = true;","                local.testRunDefault(local);","                break;","            default:","                if (location.href.indexOf(\"modeTest=\") >= 0) {","                    return;","                }","                // try to JSON.stringify #inputTextareaEval1","                try {","                    document.querySelector('#outputPreJsonStringify1').textContent = '';","                    document.querySelector('#outputPreJsonStringify1').textContent =","                        local.jsonStringifyOrdered(","                            JSON.parse(document.querySelector('#inputTextareaEval1').value),","                            null,","                            4","                        );","                } catch (ignore) {","                }","                // jslint #inputTextareaEval1","                local.jslint.errorText = '';","                if (document.querySelector('#inputTextareaEval1').value","                        .indexOf('/*jslint') >= 0) {","                    local.jslint.jslintAndPrint(","                        document.querySelector('#inputTextareaEval1').value,","                        'inputTextareaEval1.js'","                    );","                }","                document.querySelector('#outputPreJslint1').textContent =","                    local.jslint.errorText","                    .replace((/\\u001b\\[\\d+m/g), '')","                    .trim();","                // try to cleanup __coverage__","                try {","                    delete local.global.__coverage__['/inputTextareaEval1.js'];","                } catch (ignore) {","                }","                // try to cover and eval input-code","                try {","                    /*jslint evil: true*/","                    document.querySelector('#outputTextarea1').value =","                        local.istanbul.instrumentSync(","                            document.querySelector('#inputTextareaEval1').value,","                            '/inputTextareaEval1.js'","                        );","                    eval(document.querySelector('#outputTextarea1').value);","                    document.querySelector('#coverageReportDiv1').innerHTML =","                        local.istanbul.coverageReportCreate({","                            coverage: window.__coverage__","                        });","                } catch (errorCaught) {","                    console.error(errorCaught.stack);","                }","            }","            if (document.querySelector('#inputTextareaEval1') && (!event || (event &&","                    event.currentTarget &&","                    event.currentTarget.className &&","                    event.currentTarget.className.includes &&","                    event.currentTarget.className.includes('oneval')))) {","                // try to eval input-code","                try {","                    /*jslint evil: true*/","                    eval(document.querySelector('#inputTextareaEval1').value);","                } catch (errorCaught) {","                    console.error(errorCaught.stack);","                }","            }","        };","        // log stderr and stdout to #outputTextareaStdout1","        ['error', 'log'].forEach(function (key) {","            console[key + '_original'] = console[key];","            console[key] = function () {","                var element;","                console[key + '_original'].apply(console, arguments);","                element = document.querySelector('#outputTextareaStdout1');","                if (!element) {","                    return;","                }","                // append text to #outputTextareaStdout1","                element.value += Array.from(arguments).map(function (arg) {","                    return typeof arg === 'string'","                        ? arg","                        : JSON.stringify(arg, null, 4);","                }).join(' ') + '\\n';","                // scroll textarea to bottom","                element.scrollTop = element.scrollHeight;","            };","        });","        // init event-handling","        ['change', 'click', 'keyup'].forEach(function (event) {","            Array.from(document.querySelectorAll('.on' + event)).forEach(function (element) {","                element.addEventListener(event, local.testRunBrowser);","            });","        });","        // run tests","        local.testRunBrowser();","        break;","","","","    // run node js-env code - post-init","    /* istanbul ignore next */","    case 'node':","        // export local","        module.exports = local;","        // require modules","        local.fs = require('fs');","        local.http = require('http');","        local.url = require('url');","        // init assets","        local.assetsDict = local.assetsDict || {};","        /* jslint-ignore-begin */","        local.assetsDict['/assets.index.template.html'] = '\\","<!doctype html>\\n\\","<html lang=\"en\">\\n\\","<head>\\n\\","<meta charset=\"UTF-8\">\\n\\","<meta name=\"viewport\" content=\"width=device-width, initial-scale=1\">\\n\\","<title>{{env.npm_package_name}} (v{{env.npm_package_version}})</title>\\n\\","<style>\\n\\","/*csslint\\n\\","    box-sizing: false,\\n\\","    universal-selector: false\\n\\","*/\\n\\","* {\\n\\","    box-sizing: border-box;\\n\\","}\\n\\","body {\\n\\","    background: #dde;\\n\\","    font-family: Arial, Helvetica, sans-serif;\\n\\","    margin: 2rem;\\n\\","}\\n\\","body > * {\\n\\","    margin-bottom: 1rem;\\n\\","}\\n\\",".utility2FooterDiv {\\n\\","    margin-top: 20px;\\n\\","    text-align: center;\\n\\","}\\n\\","</style>\\n\\","<style>\\n\\","/*csslint\\n\\","    ids: false,\\n\\","*/\\n\\","#outputPreJslint1 {\\n\\","    color: #d00;\\n\\","}\\n\\","textarea {\\n\\","    font-family: monospace;\\n\\","    height: 10rem;\\n\\","    width: 100%;\\n\\","}\\n\\","textarea[readonly] {\\n\\","    background: #ddd;\\n\\","}\\n\\","</style>\\n\\","</head>\\n\\","<body>\\n\\","<!-- utility2-comment\\n\\","<div id=\"ajaxProgressDiv1\" style=\"background: #d00; height: 2px; left: 0; margin: 0; padding: 0; position: fixed; top: 0; transition: background 0.5s, width 1.5s; width: 25%;\"></div>\\n\\","utility2-comment -->\\n\\","<h1>\\n\\","<!-- utility2-comment\\n\\","    <a\\n\\","        {{#if env.npm_package_homepage}}\\n\\","        href=\"{{env.npm_package_homepage}}\"\\n\\","        {{/if env.npm_package_homepage}}\\n\\","        target=\"_blank\"\\n\\","    >\\n\\","utility2-comment -->\\n\\","        {{env.npm_package_name}} (v{{env.npm_package_version}})\\n\\","<!-- utility2-comment\\n\\","    </a>\\n\\","utility2-comment -->\\n\\","</h1>\\n\\","<h3>{{env.npm_package_description}}</h3>\\n\\","<!-- utility2-comment\\n\\","<h4><a download href=\"assets.app.js\">download standalone app</a></h4>\\n\\","utility2-comment -->\\n\\","\\n\\","\\n\\","\\n\\","<label>edit or paste script below to cover and test</label>\\n\\","<textarea class=\"oneval onkeyup onreset\" id=\"inputTextareaEval1\">\\n\\","// remove comment below to disable jslint\\n\\","/*jslint\\n\\","    browser: true,\\n\\","    es6: true\\n\\","*/\\n\\","/*global window*/\\n\\","(function () {\\n\\","    \"use strict\";\\n\\","    var testCaseDict;\\n\\","    testCaseDict = {};\\n\\","    testCaseDict.modeTest = true;\\n\\","\\n\\","    // comment this testCase to disable the failed assertion demo\\n\\","    testCaseDict.testCase_failed_assertion_demo = function (\\n\\","        options,\\n\\","        onError\\n\\","    ) {\\n\\","    /*\\n\\","     * this function will demo a failed assertion test\\n\\","     */\\n\\","        // jslint-hack\\n\\","        window.utility2.nop(options);\\n\\","        window.utility2.assert(false, \"this is a failed assertion demo\");\\n\\","        onError();\\n\\","    };\\n\\","\\n\\","    testCaseDict.testCase_passed_ajax_demo = function (options, onError) {\\n\\","    /*\\n\\","     * this function will demo a passed ajax test\\n\\","     */\\n\\","        var data;\\n\\","        options = {url: \"/\"};\\n\\","        // test ajax request for main-page \"/\"\\n\\","        window.utility2.ajax(options, function (error, xhr) {\\n\\","            try {\\n\\","                // validate no error occurred\\n\\","                window.utility2.assert(!error, error);\\n\\","                // validate \"200 ok\" status\\n\\","                window.utility2.assert(xhr.statusCode === 200, xhr.statusCode);\\n\\","                // validate non-empty data\\n\\","                data = xhr.responseText;\\n\\","                window.utility2.assert(data && data.length > 0, data);\\n\\","                onError();\\n\\","            } catch (errorCaught) {\\n\\","                onError(errorCaught);\\n\\","            }\\n\\","        });\\n\\","    };\\n\\","\\n\\","    window.utility2.testRunDefault(testCaseDict);\\n\\","}());\\n\\","</textarea>\\n\\","<pre id=\"outputPreJsonStringify1\"></pre>\\n\\","<pre id=\"outputPreJslint1\"></pre>\\n\\","<label>instrumented-code</label>\\n\\","<textarea class=\"resettable\" id=\"outputTextarea1\" readonly></textarea>\\n\\","<label>stderr and stdout</label>\\n\\","<textarea class=\"resettable\" id=\"outputTextareaStdout1\" readonly></textarea>\\n\\","<button class=\"onclick onreset\" id=\"testRunButton2\">run internal test</button><br>\\n\\","<div class=\"resettable\" id=\"testReportDiv1\" style=\"display: none;\"></div>\\n\\","<div id=\"coverageReportDiv1\" class=\"resettable\"></div>\\n\\","<!-- utility2-comment\\n\\","{{#if isRollup}}\\n\\","<script src=\"assets.app.js\"></script>\\n\\","{{#unless isRollup}}\\n\\","utility2-comment -->\\n\\","<script src=\"assets.utility2.lib.istanbul.js\"></script>\\n\\","<script src=\"assets.utility2.lib.jslint.js\"></script>\\n\\","<script src=\"assets.utility2.lib.db.js\"></script>\\n\\","<script src=\"assets.utility2.lib.sjcl.js\"></script>\\n\\","<script src=\"assets.utility2.lib.uglifyjs.js\"></script>\\n\\","<script src=\"assets.utility2.js\"></script>\\n\\","<script src=\"jsonp.utility2._stateInit?callback=window.utility2._stateInit\"></script>\\n\\","<script>window.utility2.onResetBefore.counter += 1;</script>\\n\\","<script src=\"assets.example.js\"></script>\\n\\","<script src=\"assets.test.js\"></script>\\n\\","<script>window.utility2.onResetBefore();</script>\\n\\","<!-- utility2-comment\\n\\","{{/if isRollup}}\\n\\","utility2-comment -->\\n\\","<div class=\"utility2FooterDiv\">\\n\\","    [ this app was created with\\n\\","    <a href=\"https://github.com/kaizhu256/node-utility2\" target=\"_blank\">utility2</a>\\n\\","    ]\\n\\","</div>\\n\\","</body>\\n\\","</html>\\n\\","';","        /* jslint-ignore-end */","        if (local.templateRender) {","            local.assetsDict['/'] = local.templateRender(","                local.assetsDict['/assets.index.template.html'],","                {","                    env: local.objectSetDefault(local.env, {","                        npm_package_description: 'example module',","                        npm_package_name: 'example',","                        npm_package_nameAlias: 'example',","                        npm_package_version: '0.0.1'","                    })","                }","            );","        } else {","            local.assetsDict['/'] = local.assetsDict['/assets.index.template.html']","                .replace((/\\{\\{env\\.(\\w+?)\\}\\}/g), function (match0, match1) {","                    // jslint-hack","                    String(match0);","                    switch (match1) {","                    case 'npm_package_description':","                        return 'example module';","                    case 'npm_package_name':","                        return 'example';","                    case 'npm_package_nameAlias':","                        return 'example';","                    case 'npm_package_version':","                        return '0.0.1';","                    }","                });","        }","        // run the cli","        if (local.global.utility2_rollup || module !== require.main) {","            break;","        }","        local.assetsDict['/assets.example.js'] =","            local.assetsDict['/assets.example.js'] ||","            local.fs.readFileSync(__filename, 'utf8');","        local.assetsDict['/assets.utility2.rollup.js'] =","            local.assetsDict['/assets.utility2.rollup.js'] || local.fs.readFileSync(","                local.utility2.__dirname + '/lib.utility2.js',","                'utf8'","            ).replace((/^#!/), '//');","        local.assetsDict['/favicon.ico'] = local.assetsDict['/favicon.ico'] || '';","        // if $npm_config_timeout_exit exists,","        // then exit this process after $npm_config_timeout_exit ms","        if (Number(process.env.npm_config_timeout_exit)) {","            setTimeout(process.exit, Number(process.env.npm_config_timeout_exit));","        }","        // start server","        if (local.global.utility2_serverHttp1) {","            break;","        }","        process.env.PORT = process.env.PORT || '8081';","        console.log('server starting on port ' + process.env.PORT);","        local.http.createServer(function (request, response) {","            request.urlParsed = local.url.parse(request.url);","            if (local.assetsDict[request.urlParsed.pathname] !== undefined) {","                response.end(local.assetsDict[request.urlParsed.pathname]);","                return;","            }","            response.statusCode = 404;","            response.end();","        }).listen(process.env.PORT);","        break;","    }","}());"],"l":{"145":3,"147":3,"152":3,"154":3,"156":3,"157":3,"158":3,"163":1,"170":3,"174":3,"178":3,"180":3,"182":3,"184":3,"190":2,"194":1,"196":1,"197":1,"199":1,"201":1,"202":1,"203":1,"207":2,"211":1,"213":1,"214":1,"216":1,"217":1,"219":1,"220":1,"224":2,"230":1,"234":1,"235":1,"237":1,"239":3,"247":2,"248":2,"254":2,"257":4,"260":2,"261":2,"263":2,"267":2,"270":1,"271":1,"272":1,"274":1,"275":1,"278":1,"279":1,"281":1,"285":1,"286":1,"287":1,"289":2,"290":2,"293":1,"294":1,"295":1,"304":1,"305":1,"307":1,"312":1,"317":1,"318":1,"322":1,"324":1,"329":1,"330":1,"335":1,"338":1,"344":1,"346":1,"348":1,"353":2,"354":4,"355":4,"356":67,"357":67,"358":67,"359":67,"360":5,"363":62,"364":62,"369":62,"373":2,"374":6,"375":2,"379":2,"380":2,"388":1,"390":1,"391":1,"392":1,"394":1,"396":1,"557":1,"558":1,"570":1,"573":1,"574":1,"576":1,"578":1,"580":1,"582":1,"587":1,"588":1,"590":1,"593":1,"598":1,"601":1,"602":1,"605":1,"606":1,"608":1,"609":1,"610":1,"611":1,"612":1,"613":1,"614":1,"616":1,"617":1,"619":1}}}